26-Feb-2026 16:34:41.141 INFO [main] org.apache.catalina.startup.VersionLoggerListener.log Server version name:   Apache Tomcat/9.0.96
26-Feb-2026 16:34:41.148 INFO [main] org.apache.catalina.startup.VersionLoggerListener.log Server built:          Oct 3 2024 19:44:30 UTC
26-Feb-2026 16:34:41.150 INFO [main] org.apache.catalina.startup.VersionLoggerListener.log Server version number: 9.0.96.0
26-Feb-2026 16:34:41.151 INFO [main] org.apache.catalina.startup.VersionLoggerListener.log OS Name:               Windows 11
26-Feb-2026 16:34:41.152 INFO [main] org.apache.catalina.startup.VersionLoggerListener.log OS Version:            10.0
26-Feb-2026 16:34:41.152 INFO [main] org.apache.catalina.startup.VersionLoggerListener.log Architecture:          amd64
26-Feb-2026 16:34:41.153 INFO [main] org.apache.catalina.startup.VersionLoggerListener.log Java Home:             C:\Program Files\Java\jdk-25.0.2
26-Feb-2026 16:34:41.154 INFO [main] org.apache.catalina.startup.VersionLoggerListener.log JVM Version:           25.0.2+10-LTS-69
26-Feb-2026 16:34:41.154 INFO [main] org.apache.catalina.startup.VersionLoggerListener.log JVM Vendor:            Oracle Corporation
26-Feb-2026 16:34:41.155 INFO [main] org.apache.catalina.startup.VersionLoggerListener.log CATALINA_BASE:         D:\VIT - PROJECT\CompusConnect\apache-tomcat-9.0.96
26-Feb-2026 16:34:41.156 INFO [main] org.apache.catalina.startup.VersionLoggerListener.log CATALINA_HOME:         D:\VIT - PROJECT\CompusConnect\apache-tomcat-9.0.96
26-Feb-2026 16:34:41.178 INFO [main] org.apache.catalina.startup.VersionLoggerListener.log Command line argument: --add-opens=java.base/java.lang=ALL-UNNAMED
26-Feb-2026 16:34:41.179 INFO [main] org.apache.catalina.startup.VersionLoggerListener.log Command line argument: --add-opens=java.base/java.io=ALL-UNNAMED
26-Feb-2026 16:34:41.180 INFO [main] org.apache.catalina.startup.VersionLoggerListener.log Command line argument: --add-opens=java.base/java.util=ALL-UNNAMED
26-Feb-2026 16:34:41.180 INFO [main] org.apache.catalina.startup.VersionLoggerListener.log Command line argument: --add-opens=java.base/java.util.concurrent=ALL-UNNAMED
26-Feb-2026 16:34:41.181 INFO [main] org.apache.catalina.startup.VersionLoggerListener.log Command line argument: --add-opens=java.rmi/sun.rmi.transport=ALL-UNNAMED
26-Feb-2026 16:34:41.182 INFO [main] org.apache.catalina.startup.VersionLoggerListener.log Command line argument: -Djava.util.logging.config.file=d:\VIT - PROJECT\CompusConnect\apache-tomcat-9.0.96\conf\logging.properties
26-Feb-2026 16:34:41.183 INFO [main] org.apache.catalina.startup.VersionLoggerListener.log Command line argument: -Djava.util.logging.manager=org.apache.juli.ClassLoaderLogManager
26-Feb-2026 16:34:41.183 INFO [main] org.apache.catalina.startup.VersionLoggerListener.log Command line argument: -Djdk.tls.ephemeralDHKeySize=2048
26-Feb-2026 16:34:41.184 INFO [main] org.apache.catalina.startup.VersionLoggerListener.log Command line argument: -Djava.protocol.handler.pkgs=org.apache.catalina.webresources
26-Feb-2026 16:34:41.185 INFO [main] org.apache.catalina.startup.VersionLoggerListener.log Command line argument: -Dignore.endorsed.dirs=
26-Feb-2026 16:34:41.185 INFO [main] org.apache.catalina.startup.VersionLoggerListener.log Command line argument: -Dcatalina.base=d:\VIT - PROJECT\CompusConnect\apache-tomcat-9.0.96
26-Feb-2026 16:34:41.186 INFO [main] org.apache.catalina.startup.VersionLoggerListener.log Command line argument: -Dcatalina.home=d:\VIT - PROJECT\CompusConnect\apache-tomcat-9.0.96
26-Feb-2026 16:34:41.187 INFO [main] org.apache.catalina.startup.VersionLoggerListener.log Command line argument: -Djava.io.tmpdir=d:\VIT - PROJECT\CompusConnect\apache-tomcat-9.0.96\temp
26-Feb-2026 16:34:41.476 INFO [main] org.apache.catalina.core.AprLifecycleListener.lifecycleEvent Loaded Apache Tomcat Native library [1.3.1] using APR version [1.7.4].
26-Feb-2026 16:34:41.476 INFO [main] org.apache.catalina.core.AprLifecycleListener.lifecycleEvent APR capabilities: IPv6 [true], sendfile [true], accept filters [false], random [true], UDS [true].
26-Feb-2026 16:34:41.477 INFO [main] org.apache.catalina.core.AprLifecycleListener.lifecycleEvent APR/OpenSSL configuration: useAprConnector [false], useOpenSSL [true]
26-Feb-2026 16:34:41.533 INFO [main] org.apache.catalina.core.AprLifecycleListener.initializeSSL OpenSSL successfully initialized [OpenSSL 3.0.14 4 Jun 2024]
26-Feb-2026 16:34:42.480 INFO [main] org.apache.coyote.AbstractProtocol.init Initializing ProtocolHandler ["http-nio-8081"]
26-Feb-2026 16:34:42.624 INFO [main] org.apache.catalina.startup.Catalina.load Server initialization in [2002] milliseconds
26-Feb-2026 16:34:42.810 INFO [main] org.apache.catalina.core.StandardService.startInternal Starting service [Catalina]
26-Feb-2026 16:34:42.811 INFO [main] org.apache.catalina.core.StandardEngine.startInternal Starting Servlet engine: [Apache Tomcat/9.0.96]
26-Feb-2026 16:34:42.833 INFO [main] org.apache.catalina.startup.HostConfig.deployDirectory Deploying web application directory [D:\VIT - PROJECT\CompusConnect\apache-tomcat-9.0.96\webapps\CampusConnect]
26-Feb-2026 16:34:44.705 INFO [main] org.apache.jasper.servlet.TldScanner.scanJars At least one JAR was scanned for TLDs yet contained no TLDs. Enable debug logging for this logger for a complete list of JARs that were scanned but no TLDs were found in them. Skipping unneeded JARs during scanning can improve startup time and JSP compilation time.
26-Feb-2026 16:34:44.895 INFO [main] org.apache.catalina.startup.HostConfig.deployDirectory Deployment of web application directory [D:\VIT - PROJECT\CompusConnect\apache-tomcat-9.0.96\webapps\CampusConnect] has finished in [2,059] ms
26-Feb-2026 16:34:44.895 INFO [main] org.apache.catalina.startup.HostConfig.deployDirectory Deploying web application directory [D:\VIT - PROJECT\CompusConnect\apache-tomcat-9.0.96\webapps\docs]
26-Feb-2026 16:34:44.969 INFO [main] org.apache.catalina.startup.HostConfig.deployDirectory Deployment of web application directory [D:\VIT - PROJECT\CompusConnect\apache-tomcat-9.0.96\webapps\docs] has finished in [74] ms
26-Feb-2026 16:34:44.970 INFO [main] org.apache.catalina.startup.HostConfig.deployDirectory Deploying web application directory [D:\VIT - PROJECT\CompusConnect\apache-tomcat-9.0.96\webapps\examples]
26-Feb-2026 16:34:46.572 INFO [main] org.apache.catalina.startup.HostConfig.deployDirectory Deployment of web application directory [D:\VIT - PROJECT\CompusConnect\apache-tomcat-9.0.96\webapps\examples] has finished in [1,602] ms
26-Feb-2026 16:34:46.574 INFO [main] org.apache.catalina.startup.HostConfig.deployDirectory Deploying web application directory [D:\VIT - PROJECT\CompusConnect\apache-tomcat-9.0.96\webapps\host-manager]
26-Feb-2026 16:34:46.669 INFO [main] org.apache.catalina.startup.HostConfig.deployDirectory Deployment of web application directory [D:\VIT - PROJECT\CompusConnect\apache-tomcat-9.0.96\webapps\host-manager] has finished in [95] ms
26-Feb-2026 16:34:46.670 INFO [main] org.apache.catalina.startup.HostConfig.deployDirectory Deploying web application directory [D:\VIT - PROJECT\CompusConnect\apache-tomcat-9.0.96\webapps\manager]
26-Feb-2026 16:34:46.780 INFO [main] org.apache.catalina.startup.HostConfig.deployDirectory Deployment of web application directory [D:\VIT - PROJECT\CompusConnect\apache-tomcat-9.0.96\webapps\manager] has finished in [109] ms
26-Feb-2026 16:34:46.781 INFO [main] org.apache.catalina.startup.HostConfig.deployDirectory Deploying web application directory [D:\VIT - PROJECT\CompusConnect\apache-tomcat-9.0.96\webapps\ROOT]
26-Feb-2026 16:34:46.866 INFO [main] org.apache.catalina.startup.HostConfig.deployDirectory Deployment of web application directory [D:\VIT - PROJECT\CompusConnect\apache-tomcat-9.0.96\webapps\ROOT] has finished in [84] ms
26-Feb-2026 16:34:46.881 INFO [main] org.apache.coyote.AbstractProtocol.start Starting ProtocolHandler ["http-nio-8081"]
26-Feb-2026 16:34:46.965 INFO [main] org.apache.catalina.startup.Catalina.start Server startup in [4332] milliseconds
26-Feb-2026 22:17:14.323 INFO [Thread-1] org.apache.coyote.AbstractProtocol.pause Pausing ProtocolHandler ["http-nio-8081"]
26-Feb-2026 22:17:14.480 INFO [Thread-1] org.apache.catalina.core.StandardService.stopInternal Stopping service [Catalina]
26-Feb-2026 22:17:14.900 WARNING [Thread-1] org.apache.catalina.loader.WebappClassLoaderBase.clearReferencesJdbc The web application [CampusConnect] registered the JDBC driver [com.microsoft.sqlserver.jdbc.SQLServerDriver] but failed to unregister it when the web application was stopped. To prevent a memory leak, the JDBC Driver has been forcibly unregistered.
26-Feb-2026 22:17:15.334 INFO [Thread-1] org.apache.coyote.AbstractProtocol.stop Stopping ProtocolHandler ["http-nio-8081"]
26-Feb-2026 22:17:15.612 INFO [Thread-1] org.apache.coyote.AbstractProtocol.destroy Destroying ProtocolHandler ["http-nio-8081"]
26-Feb-2026 22:17:56.315 INFO [main] org.apache.catalina.startup.VersionLoggerListener.log Server version name:   Apache Tomcat/9.0.96
26-Feb-2026 22:17:56.321 INFO [main] org.apache.catalina.startup.VersionLoggerListener.log Server built:          Oct 3 2024 19:44:30 UTC
26-Feb-2026 22:17:56.322 INFO [main] org.apache.catalina.startup.VersionLoggerListener.log Server version number: 9.0.96.0
26-Feb-2026 22:17:56.323 INFO [main] org.apache.catalina.startup.VersionLoggerListener.log OS Name:               Windows 11
26-Feb-2026 22:17:56.323 INFO [main] org.apache.catalina.startup.VersionLoggerListener.log OS Version:            10.0
26-Feb-2026 22:17:56.324 INFO [main] org.apache.catalina.startup.VersionLoggerListener.log Architecture:          amd64
26-Feb-2026 22:17:56.324 INFO [main] org.apache.catalina.startup.VersionLoggerListener.log Java Home:             C:\Program Files\Java\jdk-25.0.2
26-Feb-2026 22:17:56.325 INFO [main] org.apache.catalina.startup.VersionLoggerListener.log JVM Version:           25.0.2+10-LTS-69
26-Feb-2026 22:17:56.326 INFO [main] org.apache.catalina.startup.VersionLoggerListener.log JVM Vendor:            Oracle Corporation
26-Feb-2026 22:17:56.326 INFO [main] org.apache.catalina.startup.VersionLoggerListener.log CATALINA_BASE:         D:\VIT - PROJECT\CompusConnect\apache-tomcat-9.0.96
26-Feb-2026 22:17:56.327 INFO [main] org.apache.catalina.startup.VersionLoggerListener.log CATALINA_HOME:         D:\VIT - PROJECT\CompusConnect\apache-tomcat-9.0.96
26-Feb-2026 22:17:56.361 INFO [main] org.apache.catalina.startup.VersionLoggerListener.log Command line argument: --add-opens=java.base/java.lang=ALL-UNNAMED
26-Feb-2026 22:17:56.361 INFO [main] org.apache.catalina.startup.VersionLoggerListener.log Command line argument: --add-opens=java.base/java.io=ALL-UNNAMED
26-Feb-2026 22:17:56.362 INFO [main] org.apache.catalina.startup.VersionLoggerListener.log Command line argument: --add-opens=java.base/java.util=ALL-UNNAMED
26-Feb-2026 22:17:56.362 INFO [main] org.apache.catalina.startup.VersionLoggerListener.log Command line argument: --add-opens=java.base/java.util.concurrent=ALL-UNNAMED
26-Feb-2026 22:17:56.362 INFO [main] org.apache.catalina.startup.VersionLoggerListener.log Command line argument: --add-opens=java.rmi/sun.rmi.transport=ALL-UNNAMED
26-Feb-2026 22:17:56.363 INFO [main] org.apache.catalina.startup.VersionLoggerListener.log Command line argument: -Djava.util.logging.config.file=d:\VIT - PROJECT\CompusConnect\apache-tomcat-9.0.96\conf\logging.properties
26-Feb-2026 22:17:56.364 INFO [main] org.apache.catalina.startup.VersionLoggerListener.log Command line argument: -Djava.util.logging.manager=org.apache.juli.ClassLoaderLogManager
26-Feb-2026 22:17:56.364 INFO [main] org.apache.catalina.startup.VersionLoggerListener.log Command line argument: -Djdk.tls.ephemeralDHKeySize=2048
26-Feb-2026 22:17:56.364 INFO [main] org.apache.catalina.startup.VersionLoggerListener.log Command line argument: -Djava.protocol.handler.pkgs=org.apache.catalina.webresources
26-Feb-2026 22:17:56.365 INFO [main] org.apache.catalina.startup.VersionLoggerListener.log Command line argument: -Dignore.endorsed.dirs=
26-Feb-2026 22:17:56.365 INFO [main] org.apache.catalina.startup.VersionLoggerListener.log Command line argument: -Dcatalina.base=d:\VIT - PROJECT\CompusConnect\apache-tomcat-9.0.96
26-Feb-2026 22:17:56.365 INFO [main] org.apache.catalina.startup.VersionLoggerListener.log Command line argument: -Dcatalina.home=d:\VIT - PROJECT\CompusConnect\apache-tomcat-9.0.96
26-Feb-2026 22:17:56.366 INFO [main] org.apache.catalina.startup.VersionLoggerListener.log Command line argument: -Djava.io.tmpdir=d:\VIT - PROJECT\CompusConnect\apache-tomcat-9.0.96\temp
26-Feb-2026 22:17:56.376 INFO [main] org.apache.catalina.core.AprLifecycleListener.lifecycleEvent Loaded Apache Tomcat Native library [1.3.1] using APR version [1.7.4].
26-Feb-2026 22:17:56.377 INFO [main] org.apache.catalina.core.AprLifecycleListener.lifecycleEvent APR capabilities: IPv6 [true], sendfile [true], accept filters [false], random [true], UDS [true].
26-Feb-2026 22:17:56.377 INFO [main] org.apache.catalina.core.AprLifecycleListener.lifecycleEvent APR/OpenSSL configuration: useAprConnector [false], useOpenSSL [true]
26-Feb-2026 22:17:56.400 INFO [main] org.apache.catalina.core.AprLifecycleListener.initializeSSL OpenSSL successfully initialized [OpenSSL 3.0.14 4 Jun 2024]
26-Feb-2026 22:17:57.043 INFO [main] org.apache.coyote.AbstractProtocol.init Initializing ProtocolHandler ["http-nio-8081"]
26-Feb-2026 22:17:57.097 INFO [main] org.apache.catalina.startup.Catalina.load Server initialization in [1107] milliseconds
26-Feb-2026 22:17:57.182 INFO [main] org.apache.catalina.core.StandardService.startInternal Starting service [Catalina]
26-Feb-2026 22:17:57.182 INFO [main] org.apache.catalina.core.StandardEngine.startInternal Starting Servlet engine: [Apache Tomcat/9.0.96]
26-Feb-2026 22:17:57.196 INFO [main] org.apache.catalina.startup.HostConfig.deployDirectory Deploying web application directory [D:\VIT - PROJECT\CompusConnect\apache-tomcat-9.0.96\webapps\CampusConnect]
26-Feb-2026 22:17:58.467 INFO [main] org.apache.jasper.servlet.TldScanner.scanJars At least one JAR was scanned for TLDs yet contained no TLDs. Enable debug logging for this logger for a complete list of JARs that were scanned but no TLDs were found in them. Skipping unneeded JARs during scanning can improve startup time and JSP compilation time.
26-Feb-2026 22:17:58.649 INFO [main] org.apache.catalina.startup.HostConfig.deployDirectory Deployment of web application directory [D:\VIT - PROJECT\CompusConnect\apache-tomcat-9.0.96\webapps\CampusConnect] has finished in [1,451] ms
26-Feb-2026 22:17:58.649 INFO [main] org.apache.catalina.startup.HostConfig.deployDirectory Deploying web application directory [D:\VIT - PROJECT\CompusConnect\apache-tomcat-9.0.96\webapps\docs]
26-Feb-2026 22:17:58.716 INFO [main] org.apache.catalina.startup.HostConfig.deployDirectory Deployment of web application directory [D:\VIT - PROJECT\CompusConnect\apache-tomcat-9.0.96\webapps\docs] has finished in [67] ms
26-Feb-2026 22:17:58.717 INFO [main] org.apache.catalina.startup.HostConfig.deployDirectory Deploying web application directory [D:\VIT - PROJECT\CompusConnect\apache-tomcat-9.0.96\webapps\examples]
26-Feb-2026 22:17:59.418 INFO [main] org.apache.catalina.startup.HostConfig.deployDirectory Deployment of web application directory [D:\VIT - PROJECT\CompusConnect\apache-tomcat-9.0.96\webapps\examples] has finished in [702] ms
26-Feb-2026 22:17:59.419 INFO [main] org.apache.catalina.startup.HostConfig.deployDirectory Deploying web application directory [D:\VIT - PROJECT\CompusConnect\apache-tomcat-9.0.96\webapps\host-manager]
26-Feb-2026 22:17:59.485 INFO [main] org.apache.catalina.startup.HostConfig.deployDirectory Deployment of web application directory [D:\VIT - PROJECT\CompusConnect\apache-tomcat-9.0.96\webapps\host-manager] has finished in [66] ms
26-Feb-2026 22:17:59.486 INFO [main] org.apache.catalina.startup.HostConfig.deployDirectory Deploying web application directory [D:\VIT - PROJECT\CompusConnect\apache-tomcat-9.0.96\webapps\manager]
26-Feb-2026 22:17:59.545 INFO [main] org.apache.catalina.startup.HostConfig.deployDirectory Deployment of web application directory [D:\VIT - PROJECT\CompusConnect\apache-tomcat-9.0.96\webapps\manager] has finished in [60] ms
26-Feb-2026 22:17:59.545 INFO [main] org.apache.catalina.startup.HostConfig.deployDirectory Deploying web application directory [D:\VIT - PROJECT\CompusConnect\apache-tomcat-9.0.96\webapps\ROOT]
26-Feb-2026 22:17:59.593 INFO [main] org.apache.catalina.startup.HostConfig.deployDirectory Deployment of web application directory [D:\VIT - PROJECT\CompusConnect\apache-tomcat-9.0.96\webapps\ROOT] has finished in [48] ms
26-Feb-2026 22:17:59.601 INFO [main] org.apache.coyote.AbstractProtocol.start Starting ProtocolHandler ["http-nio-8081"]
26-Feb-2026 22:17:59.650 INFO [main] org.apache.catalina.startup.Catalina.start Server startup in [2549] milliseconds
26-Feb-2026 22:20:28.153 INFO [main] org.apache.catalina.startup.VersionLoggerListener.log Server version name:   Apache Tomcat/9.0.96
26-Feb-2026 22:20:28.159 INFO [main] org.apache.catalina.startup.VersionLoggerListener.log Server built:          Oct 3 2024 19:44:30 UTC
26-Feb-2026 22:20:28.160 INFO [main] org.apache.catalina.startup.VersionLoggerListener.log Server version number: 9.0.96.0
26-Feb-2026 22:20:28.160 INFO [main] org.apache.catalina.startup.VersionLoggerListener.log OS Name:               Windows 11
26-Feb-2026 22:20:28.160 INFO [main] org.apache.catalina.startup.VersionLoggerListener.log OS Version:            10.0
26-Feb-2026 22:20:28.161 INFO [main] org.apache.catalina.startup.VersionLoggerListener.log Architecture:          amd64
26-Feb-2026 22:20:28.162 INFO [main] org.apache.catalina.startup.VersionLoggerListener.log Java Home:             C:\Program Files\Java\jdk-25.0.2
26-Feb-2026 22:20:28.162 INFO [main] org.apache.catalina.startup.VersionLoggerListener.log JVM Version:           25.0.2+10-LTS-69
26-Feb-2026 22:20:28.162 INFO [main] org.apache.catalina.startup.VersionLoggerListener.log JVM Vendor:            Oracle Corporation
26-Feb-2026 22:20:28.163 INFO [main] org.apache.catalina.startup.VersionLoggerListener.log CATALINA_BASE:         D:\VIT - PROJECT\CompusConnect\apache-tomcat-9.0.96
26-Feb-2026 22:20:28.163 INFO [main] org.apache.catalina.startup.VersionLoggerListener.log CATALINA_HOME:         D:\VIT - PROJECT\CompusConnect\apache-tomcat-9.0.96
26-Feb-2026 22:20:28.179 INFO [main] org.apache.catalina.startup.VersionLoggerListener.log Command line argument: --add-opens=java.base/java.lang=ALL-UNNAMED
26-Feb-2026 22:20:28.180 INFO [main] org.apache.catalina.startup.VersionLoggerListener.log Command line argument: --add-opens=java.base/java.io=ALL-UNNAMED
26-Feb-2026 22:20:28.180 INFO [main] org.apache.catalina.startup.VersionLoggerListener.log Command line argument: --add-opens=java.base/java.util=ALL-UNNAMED
26-Feb-2026 22:20:28.180 INFO [main] org.apache.catalina.startup.VersionLoggerListener.log Command line argument: --add-opens=java.base/java.util.concurrent=ALL-UNNAMED
26-Feb-2026 22:20:28.181 INFO [main] org.apache.catalina.startup.VersionLoggerListener.log Command line argument: --add-opens=java.rmi/sun.rmi.transport=ALL-UNNAMED
26-Feb-2026 22:20:28.181 INFO [main] org.apache.catalina.startup.VersionLoggerListener.log Command line argument: -Djava.util.logging.config.file=d:\VIT - PROJECT\CompusConnect\apache-tomcat-9.0.96\conf\logging.properties
26-Feb-2026 22:20:28.181 INFO [main] org.apache.catalina.startup.VersionLoggerListener.log Command line argument: -Djava.util.logging.manager=org.apache.juli.ClassLoaderLogManager
26-Feb-2026 22:20:28.181 INFO [main] org.apache.catalina.startup.VersionLoggerListener.log Command line argument: -Djdk.tls.ephemeralDHKeySize=2048
26-Feb-2026 22:20:28.182 INFO [main] org.apache.catalina.startup.VersionLoggerListener.log Command line argument: -Djava.protocol.handler.pkgs=org.apache.catalina.webresources
26-Feb-2026 22:20:28.182 INFO [main] org.apache.catalina.startup.VersionLoggerListener.log Command line argument: -Dignore.endorsed.dirs=
26-Feb-2026 22:20:28.182 INFO [main] org.apache.catalina.startup.VersionLoggerListener.log Command line argument: -Dcatalina.base=d:\VIT - PROJECT\CompusConnect\apache-tomcat-9.0.96
26-Feb-2026 22:20:28.183 INFO [main] org.apache.catalina.startup.VersionLoggerListener.log Command line argument: -Dcatalina.home=d:\VIT - PROJECT\CompusConnect\apache-tomcat-9.0.96
26-Feb-2026 22:20:28.183 INFO [main] org.apache.catalina.startup.VersionLoggerListener.log Command line argument: -Djava.io.tmpdir=d:\VIT - PROJECT\CompusConnect\apache-tomcat-9.0.96\temp
26-Feb-2026 22:20:28.191 INFO [main] org.apache.catalina.core.AprLifecycleListener.lifecycleEvent Loaded Apache Tomcat Native library [1.3.1] using APR version [1.7.4].
26-Feb-2026 22:20:28.191 INFO [main] org.apache.catalina.core.AprLifecycleListener.lifecycleEvent APR capabilities: IPv6 [true], sendfile [true], accept filters [false], random [true], UDS [true].
26-Feb-2026 22:20:28.191 INFO [main] org.apache.catalina.core.AprLifecycleListener.lifecycleEvent APR/OpenSSL configuration: useAprConnector [false], useOpenSSL [true]
26-Feb-2026 22:20:28.209 INFO [main] org.apache.catalina.core.AprLifecycleListener.initializeSSL OpenSSL successfully initialized [OpenSSL 3.0.14 4 Jun 2024]
26-Feb-2026 22:20:28.811 INFO [main] org.apache.coyote.AbstractProtocol.init Initializing ProtocolHandler ["http-nio-8081"]
26-Feb-2026 22:20:28.836 SEVERE [main] org.apache.catalina.util.LifecycleBase.handleSubClassException Failed to initialize component [Connector["http-nio-8081"]]
	org.apache.catalina.LifecycleException: Protocol handler initialization failed
		at org.apache.catalina.connector.Connector.initInternal(Connector.java:1027)
		at org.apache.catalina.util.LifecycleBase.init(LifecycleBase.java:122)
		at org.apache.catalina.core.StandardService.initInternal(StandardService.java:525)
		at org.apache.catalina.util.LifecycleBase.init(LifecycleBase.java:122)
		at org.apache.catalina.core.StandardServer.initInternal(StandardServer.java:986)
		at org.apache.catalina.util.LifecycleBase.init(LifecycleBase.java:122)
		at org.apache.catalina.startup.Catalina.load(Catalina.java:686)
		at org.apache.catalina.startup.Catalina.load(Catalina.java:709)
		at java.base/jdk.internal.reflect.DirectMethodHandleAccessor.invoke(DirectMethodHandleAccessor.java:104)
		at java.base/java.lang.reflect.Method.invoke(Method.java:565)
		at org.apache.catalina.startup.Bootstrap.load(Bootstrap.java:302)
		at org.apache.catalina.startup.Bootstrap.main(Bootstrap.java:472)
	Caused by: java.net.BindException: Address already in use: bind
		at java.base/sun.nio.ch.Net.bind0(Native Method)
		at java.base/sun.nio.ch.Net.bind(Net.java:522)
		at java.base/sun.nio.ch.ServerSocketChannelImpl.netBind(ServerSocketChannelImpl.java:335)
		at java.base/sun.nio.ch.ServerSocketChannelImpl.bind(ServerSocketChannelImpl.java:297)
		at org.apache.tomcat.util.net.NioEndpoint.initServerSocket(NioEndpoint.java:268)
		at org.apache.tomcat.util.net.NioEndpoint.bind(NioEndpoint.java:223)
		at org.apache.tomcat.util.net.AbstractEndpoint.bindWithCleanup(AbstractEndpoint.java:1373)
		at org.apache.tomcat.util.net.AbstractEndpoint.init(AbstractEndpoint.java:1386)
		at org.apache.coyote.AbstractProtocol.init(AbstractProtocol.java:663)
		at org.apache.coyote.http11.AbstractHttp11Protocol.init(AbstractHttp11Protocol.java:77)
		at org.apache.catalina.connector.Connector.initInternal(Connector.java:1025)
		... 11 more
26-Feb-2026 22:20:28.838 INFO [main] org.apache.catalina.startup.Catalina.load Server initialization in [1076] milliseconds
26-Feb-2026 22:20:28.915 INFO [main] org.apache.catalina.core.StandardService.startInternal Starting service [Catalina]
26-Feb-2026 22:20:28.916 INFO [main] org.apache.catalina.core.StandardEngine.startInternal Starting Servlet engine: [Apache Tomcat/9.0.96]
26-Feb-2026 22:20:28.934 INFO [main] org.apache.catalina.startup.HostConfig.deployDirectory Deploying web application directory [D:\VIT - PROJECT\CompusConnect\apache-tomcat-9.0.96\webapps\CampusConnect]
26-Feb-2026 22:20:30.192 INFO [main] org.apache.jasper.servlet.TldScanner.scanJars At least one JAR was scanned for TLDs yet contained no TLDs. Enable debug logging for this logger for a complete list of JARs that were scanned but no TLDs were found in them. Skipping unneeded JARs during scanning can improve startup time and JSP compilation time.
26-Feb-2026 22:20:30.298 INFO [main] org.apache.catalina.startup.HostConfig.deployDirectory Deployment of web application directory [D:\VIT - PROJECT\CompusConnect\apache-tomcat-9.0.96\webapps\CampusConnect] has finished in [1,362] ms
26-Feb-2026 22:20:30.299 INFO [main] org.apache.catalina.startup.HostConfig.deployDirectory Deploying web application directory [D:\VIT - PROJECT\CompusConnect\apache-tomcat-9.0.96\webapps\docs]
26-Feb-2026 22:20:30.351 INFO [main] org.apache.catalina.startup.HostConfig.deployDirectory Deployment of web application directory [D:\VIT - PROJECT\CompusConnect\apache-tomcat-9.0.96\webapps\docs] has finished in [52] ms
26-Feb-2026 22:20:30.351 INFO [main] org.apache.catalina.startup.HostConfig.deployDirectory Deploying web application directory [D:\VIT - PROJECT\CompusConnect\apache-tomcat-9.0.96\webapps\examples]
26-Feb-2026 22:20:30.920 INFO [main] org.apache.catalina.startup.HostConfig.deployDirectory Deployment of web application directory [D:\VIT - PROJECT\CompusConnect\apache-tomcat-9.0.96\webapps\examples] has finished in [569] ms
26-Feb-2026 22:20:30.921 INFO [main] org.apache.catalina.startup.HostConfig.deployDirectory Deploying web application directory [D:\VIT - PROJECT\CompusConnect\apache-tomcat-9.0.96\webapps\host-manager]
26-Feb-2026 22:20:30.994 INFO [main] org.apache.catalina.startup.HostConfig.deployDirectory Deployment of web application directory [D:\VIT - PROJECT\CompusConnect\apache-tomcat-9.0.96\webapps\host-manager] has finished in [73] ms
26-Feb-2026 22:20:30.995 INFO [main] org.apache.catalina.startup.HostConfig.deployDirectory Deploying web application directory [D:\VIT - PROJECT\CompusConnect\apache-tomcat-9.0.96\webapps\manager]
26-Feb-2026 22:20:31.066 INFO [main] org.apache.catalina.startup.HostConfig.deployDirectory Deployment of web application directory [D:\VIT - PROJECT\CompusConnect\apache-tomcat-9.0.96\webapps\manager] has finished in [71] ms
26-Feb-2026 22:20:31.066 INFO [main] org.apache.catalina.startup.HostConfig.deployDirectory Deploying web application directory [D:\VIT - PROJECT\CompusConnect\apache-tomcat-9.0.96\webapps\ROOT]
26-Feb-2026 22:20:31.108 INFO [main] org.apache.catalina.startup.HostConfig.deployDirectory Deployment of web application directory [D:\VIT - PROJECT\CompusConnect\apache-tomcat-9.0.96\webapps\ROOT] has finished in [42] ms
26-Feb-2026 22:20:31.115 INFO [main] org.apache.catalina.startup.Catalina.start Server startup in [2272] milliseconds
26-Feb-2026 22:20:31.129 SEVERE [main] org.apache.catalina.core.StandardServer.await Failed to create server shutdown socket on address [localhost] and port [8005] (base port [8005] and offset [0])
	java.net.BindException: Address already in use: bind
		at java.base/sun.nio.ch.Net.bind0(Native Method)
		at java.base/sun.nio.ch.Net.bind(Net.java:522)
		at java.base/sun.nio.ch.Net.bind(Net.java:511)
		at java.base/sun.nio.ch.NioSocketImpl.bind(NioSocketImpl.java:641)
		at java.base/java.net.ServerSocket.bind(ServerSocket.java:326)
		at java.base/java.net.ServerSocket.<init>(ServerSocket.java:222)
		at org.apache.catalina.core.StandardServer.await(StandardServer.java:537)
		at org.apache.catalina.startup.Catalina.await(Catalina.java:825)
		at org.apache.catalina.startup.Catalina.start(Catalina.java:773)
		at java.base/jdk.internal.reflect.DirectMethodHandleAccessor.invoke(DirectMethodHandleAccessor.java:104)
		at java.base/java.lang.reflect.Method.invoke(Method.java:565)
		at org.apache.catalina.startup.Bootstrap.start(Bootstrap.java:345)
		at org.apache.catalina.startup.Bootstrap.main(Bootstrap.java:473)
26-Feb-2026 22:20:31.130 INFO [main] org.apache.coyote.AbstractProtocol.pause Pausing ProtocolHandler ["http-nio-8081"]
26-Feb-2026 22:20:31.130 INFO [main] org.apache.catalina.core.StandardService.stopInternal Stopping service [Catalina]
26-Feb-2026 22:20:31.168 INFO [main] org.apache.coyote.AbstractProtocol.stop Stopping ProtocolHandler ["http-nio-8081"]
26-Feb-2026 22:20:31.170 INFO [main] org.apache.coyote.AbstractProtocol.destroy Destroying ProtocolHandler ["http-nio-8081"]
26-Feb-2026 23:19:08.206 INFO [main] org.apache.catalina.core.StandardServer.await A valid shutdown command was received via the shutdown port. Stopping the Server instance.
26-Feb-2026 23:19:08.215 INFO [main] org.apache.coyote.AbstractProtocol.pause Pausing ProtocolHandler ["http-nio-8081"]
26-Feb-2026 23:19:08.269 INFO [main] org.apache.catalina.core.StandardService.stopInternal Stopping service [Catalina]
26-Feb-2026 23:19:08.315 WARNING [main] org.apache.catalina.loader.WebappClassLoaderBase.clearReferencesJdbc The web application [CampusConnect] registered the JDBC driver [com.microsoft.sqlserver.jdbc.SQLServerDriver] but failed to unregister it when the web application was stopped. To prevent a memory leak, the JDBC Driver has been forcibly unregistered.
26-Feb-2026 23:19:08.339 INFO [main] org.apache.coyote.AbstractProtocol.stop Stopping ProtocolHandler ["http-nio-8081"]
26-Feb-2026 23:19:08.349 INFO [main] org.apache.coyote.AbstractProtocol.destroy Destroying ProtocolHandler ["http-nio-8081"]
26-Feb-2026 23:19:18.091 INFO [main] org.apache.catalina.startup.VersionLoggerListener.log Server version name:   Apache Tomcat/9.0.96
26-Feb-2026 23:19:18.095 INFO [main] org.apache.catalina.startup.VersionLoggerListener.log Server built:          Oct 3 2024 19:44:30 UTC
26-Feb-2026 23:19:18.096 INFO [main] org.apache.catalina.startup.VersionLoggerListener.log Server version number: 9.0.96.0
26-Feb-2026 23:19:18.096 INFO [main] org.apache.catalina.startup.VersionLoggerListener.log OS Name:               Windows 11
26-Feb-2026 23:19:18.098 INFO [main] org.apache.catalina.startup.VersionLoggerListener.log OS Version:            10.0
26-Feb-2026 23:19:18.098 INFO [main] org.apache.catalina.startup.VersionLoggerListener.log Architecture:          amd64
26-Feb-2026 23:19:18.099 INFO [main] org.apache.catalina.startup.VersionLoggerListener.log Java Home:             C:\Program Files\Java\jdk-25.0.2
26-Feb-2026 23:19:18.100 INFO [main] org.apache.catalina.startup.VersionLoggerListener.log JVM Version:           25.0.2+10-LTS-69
26-Feb-2026 23:19:18.101 INFO [main] org.apache.catalina.startup.VersionLoggerListener.log JVM Vendor:            Oracle Corporation
26-Feb-2026 23:19:18.102 INFO [main] org.apache.catalina.startup.VersionLoggerListener.log CATALINA_BASE:         D:\VIT - PROJECT\CompusConnect\apache-tomcat-9.0.96
26-Feb-2026 23:19:18.102 INFO [main] org.apache.catalina.startup.VersionLoggerListener.log CATALINA_HOME:         D:\VIT - PROJECT\CompusConnect\apache-tomcat-9.0.96
26-Feb-2026 23:19:18.126 INFO [main] org.apache.catalina.startup.VersionLoggerListener.log Command line argument: --add-opens=java.base/java.lang=ALL-UNNAMED
26-Feb-2026 23:19:18.126 INFO [main] org.apache.catalina.startup.VersionLoggerListener.log Command line argument: --add-opens=java.base/java.io=ALL-UNNAMED
26-Feb-2026 23:19:18.126 INFO [main] org.apache.catalina.startup.VersionLoggerListener.log Command line argument: --add-opens=java.base/java.util=ALL-UNNAMED
26-Feb-2026 23:19:18.127 INFO [main] org.apache.catalina.startup.VersionLoggerListener.log Command line argument: --add-opens=java.base/java.util.concurrent=ALL-UNNAMED
26-Feb-2026 23:19:18.127 INFO [main] org.apache.catalina.startup.VersionLoggerListener.log Command line argument: --add-opens=java.rmi/sun.rmi.transport=ALL-UNNAMED
26-Feb-2026 23:19:18.128 INFO [main] org.apache.catalina.startup.VersionLoggerListener.log Command line argument: -Djava.util.logging.config.file=d:\VIT - PROJECT\CompusConnect\apache-tomcat-9.0.96\conf\logging.properties
26-Feb-2026 23:19:18.128 INFO [main] org.apache.catalina.startup.VersionLoggerListener.log Command line argument: -Djava.util.logging.manager=org.apache.juli.ClassLoaderLogManager
26-Feb-2026 23:19:18.128 INFO [main] org.apache.catalina.startup.VersionLoggerListener.log Command line argument: -Djdk.tls.ephemeralDHKeySize=2048
26-Feb-2026 23:19:18.129 INFO [main] org.apache.catalina.startup.VersionLoggerListener.log Command line argument: -Djava.protocol.handler.pkgs=org.apache.catalina.webresources
26-Feb-2026 23:19:18.129 INFO [main] org.apache.catalina.startup.VersionLoggerListener.log Command line argument: -Dignore.endorsed.dirs=
26-Feb-2026 23:19:18.129 INFO [main] org.apache.catalina.startup.VersionLoggerListener.log Command line argument: -Dcatalina.base=d:\VIT - PROJECT\CompusConnect\apache-tomcat-9.0.96
26-Feb-2026 23:19:18.130 INFO [main] org.apache.catalina.startup.VersionLoggerListener.log Command line argument: -Dcatalina.home=d:\VIT - PROJECT\CompusConnect\apache-tomcat-9.0.96
26-Feb-2026 23:19:18.130 INFO [main] org.apache.catalina.startup.VersionLoggerListener.log Command line argument: -Djava.io.tmpdir=d:\VIT - PROJECT\CompusConnect\apache-tomcat-9.0.96\temp
26-Feb-2026 23:19:18.299 INFO [main] org.apache.catalina.core.AprLifecycleListener.lifecycleEvent Loaded Apache Tomcat Native library [1.3.1] using APR version [1.7.4].
26-Feb-2026 23:19:18.300 INFO [main] org.apache.catalina.core.AprLifecycleListener.lifecycleEvent APR capabilities: IPv6 [true], sendfile [true], accept filters [false], random [true], UDS [true].
26-Feb-2026 23:19:18.300 INFO [main] org.apache.catalina.core.AprLifecycleListener.lifecycleEvent APR/OpenSSL configuration: useAprConnector [false], useOpenSSL [true]
26-Feb-2026 23:19:18.318 INFO [main] org.apache.catalina.core.AprLifecycleListener.initializeSSL OpenSSL successfully initialized [OpenSSL 3.0.14 4 Jun 2024]
26-Feb-2026 23:19:23.799 INFO [main] org.apache.coyote.AbstractProtocol.init Initializing ProtocolHandler ["http-nio-8081"]
26-Feb-2026 23:19:23.853 INFO [main] org.apache.catalina.startup.Catalina.load Server initialization in [6074] milliseconds
26-Feb-2026 23:19:23.937 INFO [main] org.apache.catalina.core.StandardService.startInternal Starting service [Catalina]
26-Feb-2026 23:19:23.938 INFO [main] org.apache.catalina.core.StandardEngine.startInternal Starting Servlet engine: [Apache Tomcat/9.0.96]
26-Feb-2026 23:19:23.952 INFO [main] org.apache.catalina.startup.HostConfig.deployDirectory Deploying web application directory [D:\VIT - PROJECT\CompusConnect\apache-tomcat-9.0.96\webapps\CampusConnect]
26-Feb-2026 23:19:25.354 INFO [main] org.apache.jasper.servlet.TldScanner.scanJars At least one JAR was scanned for TLDs yet contained no TLDs. Enable debug logging for this logger for a complete list of JARs that were scanned but no TLDs were found in them. Skipping unneeded JARs during scanning can improve startup time and JSP compilation time.
26-Feb-2026 23:19:25.553 INFO [main] org.apache.catalina.startup.HostConfig.deployDirectory Deployment of web application directory [D:\VIT - PROJECT\CompusConnect\apache-tomcat-9.0.96\webapps\CampusConnect] has finished in [1,594] ms
26-Feb-2026 23:19:25.553 INFO [main] org.apache.catalina.startup.HostConfig.deployDirectory Deploying web application directory [D:\VIT - PROJECT\CompusConnect\apache-tomcat-9.0.96\webapps\docs]
26-Feb-2026 23:19:25.611 INFO [main] org.apache.catalina.startup.HostConfig.deployDirectory Deployment of web application directory [D:\VIT - PROJECT\CompusConnect\apache-tomcat-9.0.96\webapps\docs] has finished in [57] ms
26-Feb-2026 23:19:25.612 INFO [main] org.apache.catalina.startup.HostConfig.deployDirectory Deploying web application directory [D:\VIT - PROJECT\CompusConnect\apache-tomcat-9.0.96\webapps\examples]
26-Feb-2026 23:19:28.772 INFO [main] org.apache.catalina.startup.HostConfig.deployDirectory Deployment of web application directory [D:\VIT - PROJECT\CompusConnect\apache-tomcat-9.0.96\webapps\examples] has finished in [3,157] ms
26-Feb-2026 23:19:28.777 INFO [main] org.apache.catalina.startup.HostConfig.deployDirectory Deploying web application directory [D:\VIT - PROJECT\CompusConnect\apache-tomcat-9.0.96\webapps\host-manager]
26-Feb-2026 23:19:29.625 INFO [main] org.apache.catalina.startup.HostConfig.deployDirectory Deployment of web application directory [D:\VIT - PROJECT\CompusConnect\apache-tomcat-9.0.96\webapps\host-manager] has finished in [847] ms
26-Feb-2026 23:19:29.633 INFO [main] org.apache.catalina.startup.HostConfig.deployDirectory Deploying web application directory [D:\VIT - PROJECT\CompusConnect\apache-tomcat-9.0.96\webapps\manager]
26-Feb-2026 23:19:30.243 INFO [main] org.apache.catalina.startup.HostConfig.deployDirectory Deployment of web application directory [D:\VIT - PROJECT\CompusConnect\apache-tomcat-9.0.96\webapps\manager] has finished in [610] ms
26-Feb-2026 23:19:30.250 INFO [main] org.apache.catalina.startup.HostConfig.deployDirectory Deploying web application directory [D:\VIT - PROJECT\CompusConnect\apache-tomcat-9.0.96\webapps\ROOT]
26-Feb-2026 23:19:30.642 INFO [main] org.apache.catalina.startup.HostConfig.deployDirectory Deployment of web application directory [D:\VIT - PROJECT\CompusConnect\apache-tomcat-9.0.96\webapps\ROOT] has finished in [391] ms
26-Feb-2026 23:19:30.708 INFO [main] org.apache.coyote.AbstractProtocol.start Starting ProtocolHandler ["http-nio-8081"]
26-Feb-2026 23:19:31.150 INFO [main] org.apache.catalina.startup.Catalina.start Server startup in [7291] milliseconds
