24-Feb-2026 00:51:35.538 INFO [main] org.apache.catalina.startup.VersionLoggerListener.log Server version name:   Apache Tomcat/9.0.96
24-Feb-2026 00:51:35.545 INFO [main] org.apache.catalina.startup.VersionLoggerListener.log Server built:          Oct 3 2024 19:44:30 UTC
24-Feb-2026 00:51:35.547 INFO [main] org.apache.catalina.startup.VersionLoggerListener.log Server version number: 9.0.96.0
24-Feb-2026 00:51:35.548 INFO [main] org.apache.catalina.startup.VersionLoggerListener.log OS Name:               Windows 11
24-Feb-2026 00:51:35.549 INFO [main] org.apache.catalina.startup.VersionLoggerListener.log OS Version:            10.0
24-Feb-2026 00:51:35.551 INFO [main] org.apache.catalina.startup.VersionLoggerListener.log Architecture:          amd64
24-Feb-2026 00:51:35.551 INFO [main] org.apache.catalina.startup.VersionLoggerListener.log Java Home:             C:\Program Files\Java\jdk-25.0.2
24-Feb-2026 00:51:35.552 INFO [main] org.apache.catalina.startup.VersionLoggerListener.log JVM Version:           25.0.2+10-LTS-69
24-Feb-2026 00:51:35.553 INFO [main] org.apache.catalina.startup.VersionLoggerListener.log JVM Vendor:            Oracle Corporation
24-Feb-2026 00:51:35.554 INFO [main] org.apache.catalina.startup.VersionLoggerListener.log CATALINA_BASE:         D:\VIT - PROJECT\CompusConnect\apache-tomcat-9.0.96
24-Feb-2026 00:51:35.555 INFO [main] org.apache.catalina.startup.VersionLoggerListener.log CATALINA_HOME:         D:\VIT - PROJECT\CompusConnect\apache-tomcat-9.0.96
24-Feb-2026 00:51:35.577 INFO [main] org.apache.catalina.startup.VersionLoggerListener.log Command line argument: --add-opens=java.base/java.lang=ALL-UNNAMED
24-Feb-2026 00:51:35.579 INFO [main] org.apache.catalina.startup.VersionLoggerListener.log Command line argument: --add-opens=java.base/java.io=ALL-UNNAMED
24-Feb-2026 00:51:35.581 INFO [main] org.apache.catalina.startup.VersionLoggerListener.log Command line argument: --add-opens=java.base/java.util=ALL-UNNAMED
24-Feb-2026 00:51:35.581 INFO [main] org.apache.catalina.startup.VersionLoggerListener.log Command line argument: --add-opens=java.base/java.util.concurrent=ALL-UNNAMED
24-Feb-2026 00:51:35.582 INFO [main] org.apache.catalina.startup.VersionLoggerListener.log Command line argument: --add-opens=java.rmi/sun.rmi.transport=ALL-UNNAMED
24-Feb-2026 00:51:35.583 INFO [main] org.apache.catalina.startup.VersionLoggerListener.log Command line argument: -Djava.util.logging.config.file=D:\VIT - PROJECT\CompusConnect\apache-tomcat-9.0.96\conf\logging.properties
24-Feb-2026 00:51:35.583 INFO [main] org.apache.catalina.startup.VersionLoggerListener.log Command line argument: -Djava.util.logging.manager=org.apache.juli.ClassLoaderLogManager
24-Feb-2026 00:51:35.584 INFO [main] org.apache.catalina.startup.VersionLoggerListener.log Command line argument: -Djdk.tls.ephemeralDHKeySize=2048
24-Feb-2026 00:51:35.584 INFO [main] org.apache.catalina.startup.VersionLoggerListener.log Command line argument: -Djava.protocol.handler.pkgs=org.apache.catalina.webresources
24-Feb-2026 00:51:35.585 INFO [main] org.apache.catalina.startup.VersionLoggerListener.log Command line argument: -Dignore.endorsed.dirs=
24-Feb-2026 00:51:35.585 INFO [main] org.apache.catalina.startup.VersionLoggerListener.log Command line argument: -Dcatalina.base=D:\VIT - PROJECT\CompusConnect\apache-tomcat-9.0.96
24-Feb-2026 00:51:35.586 INFO [main] org.apache.catalina.startup.VersionLoggerListener.log Command line argument: -Dcatalina.home=D:\VIT - PROJECT\CompusConnect\apache-tomcat-9.0.96
24-Feb-2026 00:51:35.587 INFO [main] org.apache.catalina.startup.VersionLoggerListener.log Command line argument: -Djava.io.tmpdir=D:\VIT - PROJECT\CompusConnect\apache-tomcat-9.0.96\temp
24-Feb-2026 00:51:35.844 INFO [main] org.apache.catalina.core.AprLifecycleListener.lifecycleEvent Loaded Apache Tomcat Native library [1.3.1] using APR version [1.7.4].
24-Feb-2026 00:51:35.845 INFO [main] org.apache.catalina.core.AprLifecycleListener.lifecycleEvent APR capabilities: IPv6 [true], sendfile [true], accept filters [false], random [true], UDS [true].
24-Feb-2026 00:51:35.846 INFO [main] org.apache.catalina.core.AprLifecycleListener.lifecycleEvent APR/OpenSSL configuration: useAprConnector [false], useOpenSSL [true]
24-Feb-2026 00:51:35.877 INFO [main] org.apache.catalina.core.AprLifecycleListener.initializeSSL OpenSSL successfully initialized [OpenSSL 3.0.14 4 Jun 2024]
24-Feb-2026 00:51:36.870 INFO [main] org.apache.coyote.AbstractProtocol.init Initializing ProtocolHandler ["http-nio-8080"]
24-Feb-2026 00:51:36.933 SEVERE [main] org.apache.catalina.util.LifecycleBase.handleSubClassException Failed to initialize component [Connector["http-nio-8080"]]
	org.apache.catalina.LifecycleException: Protocol handler initialization failed
		at org.apache.catalina.connector.Connector.initInternal(Connector.java:1027)
		at org.apache.catalina.util.LifecycleBase.init(LifecycleBase.java:122)
		at org.apache.catalina.core.StandardService.initInternal(StandardService.java:525)
		at org.apache.catalina.util.LifecycleBase.init(LifecycleBase.java:122)
		at org.apache.catalina.core.StandardServer.initInternal(StandardServer.java:986)
		at org.apache.catalina.util.LifecycleBase.init(LifecycleBase.java:122)
		at org.apache.catalina.startup.Catalina.load(Catalina.java:686)
		at org.apache.catalina.startup.Catalina.load(Catalina.java:709)
		at java.base/jdk.internal.reflect.DirectMethodHandleAccessor.invoke(DirectMethodHandleAccessor.java:104)
		at java.base/java.lang.reflect.Method.invoke(Method.java:565)
		at org.apache.catalina.startup.Bootstrap.load(Bootstrap.java:302)
		at org.apache.catalina.startup.Bootstrap.main(Bootstrap.java:472)
	Caused by: java.net.BindException: Address already in use: bind
		at java.base/sun.nio.ch.Net.bind0(Native Method)
		at java.base/sun.nio.ch.Net.bind(Net.java:522)
		at java.base/sun.nio.ch.ServerSocketChannelImpl.netBind(ServerSocketChannelImpl.java:335)
		at java.base/sun.nio.ch.ServerSocketChannelImpl.bind(ServerSocketChannelImpl.java:297)
		at org.apache.tomcat.util.net.NioEndpoint.initServerSocket(NioEndpoint.java:268)
		at org.apache.tomcat.util.net.NioEndpoint.bind(NioEndpoint.java:223)
		at org.apache.tomcat.util.net.AbstractEndpoint.bindWithCleanup(AbstractEndpoint.java:1373)
		at org.apache.tomcat.util.net.AbstractEndpoint.init(AbstractEndpoint.java:1386)
		at org.apache.coyote.AbstractProtocol.init(AbstractProtocol.java:663)
		at org.apache.coyote.http11.AbstractHttp11Protocol.init(AbstractHttp11Protocol.java:77)
		at org.apache.catalina.connector.Connector.initInternal(Connector.java:1025)
		... 11 more
24-Feb-2026 00:51:36.937 INFO [main] org.apache.catalina.startup.Catalina.load Server initialization in [1984] milliseconds
24-Feb-2026 00:51:37.145 INFO [main] org.apache.catalina.core.StandardService.startInternal Starting service [Catalina]
24-Feb-2026 00:51:37.147 INFO [main] org.apache.catalina.core.StandardEngine.startInternal Starting Servlet engine: [Apache Tomcat/9.0.96]
24-Feb-2026 00:51:37.192 INFO [main] org.apache.catalina.startup.HostConfig.deployDirectory Deploying web application directory [D:\VIT - PROJECT\CompusConnect\apache-tomcat-9.0.96\webapps\CampusConnect]
24-Feb-2026 00:51:37.947 SEVERE [main] org.apache.tomcat.util.digester.Digester.fatalError Parse fatal error at line [100] column [1]
	org.xml.sax.SAXParseException; systemId: file:/D:/VIT%20-%20PROJECT/CompusConnect/apache-tomcat-9.0.96/webapps/CampusConnect/WEB-INF/web.xml; lineNumber: 100; columnNumber: 1; XML document structures must start and end within the same entity.
		at java.xml/com.sun.org.apache.xerces.internal.util.ErrorHandlerWrapper.createSAXParseException(ErrorHandlerWrapper.java:204)
		at java.xml/com.sun.org.apache.xerces.internal.util.ErrorHandlerWrapper.fatalError(ErrorHandlerWrapper.java:178)
		at java.xml/com.sun.org.apache.xerces.internal.impl.XMLErrorReporter.reportError(XMLErrorReporter.java:400)
		at java.xml/com.sun.org.apache.xerces.internal.impl.XMLErrorReporter.reportError(XMLErrorReporter.java:327)
		at java.xml/com.sun.org.apache.xerces.internal.impl.XMLScanner.reportFatalError(XMLScanner.java:1465)
		at java.xml/com.sun.org.apache.xerces.internal.impl.XMLDocumentFragmentScannerImpl.endEntity(XMLDocumentFragmentScannerImpl.java:952)
		at java.xml/com.sun.org.apache.xerces.internal.impl.XMLDocumentScannerImpl.endEntity(XMLDocumentScannerImpl.java:592)
		at java.xml/com.sun.org.apache.xerces.internal.impl.XMLEntityManager.endEntity(XMLEntityManager.java:1560)
		at java.xml/com.sun.org.apache.xerces.internal.impl.XMLEntityScanner.load(XMLEntityScanner.java:1720)
		at java.xml/com.sun.org.apache.xerces.internal.impl.XMLEntityScanner.skipChar(XMLEntityScanner.java:1375)
		at java.xml/com.sun.org.apache.xerces.internal.impl.XMLDocumentFragmentScannerImpl$FragmentContentDriver.next(XMLDocumentFragmentScannerImpl.java:2772)
		at java.xml/com.sun.org.apache.xerces.internal.impl.XMLDocumentScannerImpl.next(XMLDocumentScannerImpl.java:635)
		at java.xml/com.sun.org.apache.xerces.internal.impl.XMLDocumentFragmentScannerImpl.scanDocument(XMLDocumentFragmentScannerImpl.java:551)
		at java.xml/com.sun.org.apache.xerces.internal.parsers.XML11Configuration.parse(XML11Configuration.java:890)
		at java.xml/com.sun.org.apache.xerces.internal.parsers.XML11Configuration.parse(XML11Configuration.java:826)
		at java.xml/com.sun.org.apache.xerces.internal.parsers.XMLParser.parse(XMLParser.java:137)
		at java.xml/com.sun.org.apache.xerces.internal.parsers.AbstractSAXParser.parse(AbstractSAXParser.java:1225)
		at java.xml/com.sun.org.apache.xerces.internal.jaxp.SAXParserImpl$JAXPSAXParser.parse(SAXParserImpl.java:629)
		at org.apache.tomcat.util.digester.Digester.parse(Digester.java:1535)
		at org.apache.tomcat.util.descriptor.web.WebXmlParser.parseWebXml(WebXmlParser.java:119)
		at org.apache.catalina.startup.ContextConfig.webConfig(ContextConfig.java:1236)
		at org.apache.catalina.startup.ContextConfig.configureStart(ContextConfig.java:961)
		at org.apache.catalina.startup.ContextConfig.lifecycleEvent(ContextConfig.java:290)
		at org.apache.catalina.util.LifecycleBase.fireLifecycleEvent(LifecycleBase.java:109)
		at org.apache.catalina.core.StandardContext.startInternal(StandardContext.java:4352)
		at org.apache.catalina.util.LifecycleBase.start(LifecycleBase.java:164)
		at org.apache.catalina.core.ContainerBase.addChildInternal(ContainerBase.java:599)
		at org.apache.catalina.core.ContainerBase.addChild(ContainerBase.java:571)
		at org.apache.catalina.core.StandardHost.addChild(StandardHost.java:603)
		at org.apache.catalina.startup.HostConfig.deployDirectory(HostConfig.java:1175)
		at org.apache.catalina.startup.HostConfig$DeployDirectory.run(HostConfig.java:1888)
		at java.base/java.util.concurrent.Executors$RunnableAdapter.call(Executors.java:545)
		at java.base/java.util.concurrent.FutureTask.run(FutureTask.java:328)
		at org.apache.tomcat.util.threads.InlineExecutorService.execute(InlineExecutorService.java:75)
		at java.base/java.util.concurrent.AbstractExecutorService.submit(AbstractExecutorService.java:125)
		at org.apache.catalina.startup.HostConfig.deployDirectories(HostConfig.java:1086)
		at org.apache.catalina.startup.HostConfig.deployApps(HostConfig.java:470)
		at org.apache.catalina.startup.HostConfig.start(HostConfig.java:1584)
		at org.apache.catalina.startup.HostConfig.lifecycleEvent(HostConfig.java:312)
		at org.apache.catalina.util.LifecycleBase.fireLifecycleEvent(LifecycleBase.java:109)
		at org.apache.catalina.util.LifecycleBase.setStateInternal(LifecycleBase.java:385)
		at org.apache.catalina.util.LifecycleBase.setState(LifecycleBase.java:332)
		at org.apache.catalina.core.ContainerBase.startInternal(ContainerBase.java:776)
		at org.apache.catalina.core.StandardHost.startInternal(StandardHost.java:721)
		at org.apache.catalina.util.LifecycleBase.start(LifecycleBase.java:164)
		at org.apache.catalina.core.ContainerBase$StartChild.call(ContainerBase.java:1203)
		at org.apache.catalina.core.ContainerBase$StartChild.call(ContainerBase.java:1193)
		at java.base/java.util.concurrent.FutureTask.run(FutureTask.java:328)
		at org.apache.tomcat.util.threads.InlineExecutorService.execute(InlineExecutorService.java:75)
		at java.base/java.util.concurrent.AbstractExecutorService.submit(AbstractExecutorService.java:149)
		at org.apache.catalina.core.ContainerBase.startInternal(ContainerBase.java:749)
		at org.apache.catalina.core.StandardEngine.startInternal(StandardEngine.java:211)
		at org.apache.catalina.util.LifecycleBase.start(LifecycleBase.java:164)
		at org.apache.catalina.core.StandardService.startInternal(StandardService.java:415)
		at org.apache.catalina.util.LifecycleBase.start(LifecycleBase.java:164)
		at org.apache.catalina.core.StandardServer.startInternal(StandardServer.java:874)
		at org.apache.catalina.util.LifecycleBase.start(LifecycleBase.java:164)
		at org.apache.catalina.startup.Catalina.start(Catalina.java:735)
		at java.base/jdk.internal.reflect.DirectMethodHandleAccessor.invoke(DirectMethodHandleAccessor.java:104)
		at java.base/java.lang.reflect.Method.invoke(Method.java:565)
		at org.apache.catalina.startup.Bootstrap.start(Bootstrap.java:345)
		at org.apache.catalina.startup.Bootstrap.main(Bootstrap.java:473)
24-Feb-2026 00:51:37.952 SEVERE [main] org.apache.tomcat.util.descriptor.web.WebXmlParser.parseWebXml Parse error in application web.xml file at [file:/D:/VIT%20-%20PROJECT/CompusConnect/apache-tomcat-9.0.96/webapps/CampusConnect/WEB-INF/web.xml]
	org.xml.sax.SAXParseException; systemId: file:/D:/VIT%20-%20PROJECT/CompusConnect/apache-tomcat-9.0.96/webapps/CampusConnect/WEB-INF/web.xml; lineNumber: 100; columnNumber: 1; XML document structures must start and end within the same entity.
		at java.xml/com.sun.org.apache.xerces.internal.util.ErrorHandlerWrapper.createSAXParseException(ErrorHandlerWrapper.java:204)
		at java.xml/com.sun.org.apache.xerces.internal.util.ErrorHandlerWrapper.fatalError(ErrorHandlerWrapper.java:178)
		at java.xml/com.sun.org.apache.xerces.internal.impl.XMLErrorReporter.reportError(XMLErrorReporter.java:400)
		at java.xml/com.sun.org.apache.xerces.internal.impl.XMLErrorReporter.reportError(XMLErrorReporter.java:327)
		at java.xml/com.sun.org.apache.xerces.internal.impl.XMLScanner.reportFatalError(XMLScanner.java:1465)
		at java.xml/com.sun.org.apache.xerces.internal.impl.XMLDocumentFragmentScannerImpl.endEntity(XMLDocumentFragmentScannerImpl.java:952)
		at java.xml/com.sun.org.apache.xerces.internal.impl.XMLDocumentScannerImpl.endEntity(XMLDocumentScannerImpl.java:592)
		at java.xml/com.sun.org.apache.xerces.internal.impl.XMLEntityManager.endEntity(XMLEntityManager.java:1560)
		at java.xml/com.sun.org.apache.xerces.internal.impl.XMLEntityScanner.load(XMLEntityScanner.java:1720)
		at java.xml/com.sun.org.apache.xerces.internal.impl.XMLEntityScanner.skipChar(XMLEntityScanner.java:1375)
		at java.xml/com.sun.org.apache.xerces.internal.impl.XMLDocumentFragmentScannerImpl$FragmentContentDriver.next(XMLDocumentFragmentScannerImpl.java:2772)
		at java.xml/com.sun.org.apache.xerces.internal.impl.XMLDocumentScannerImpl.next(XMLDocumentScannerImpl.java:635)
		at java.xml/com.sun.org.apache.xerces.internal.impl.XMLDocumentFragmentScannerImpl.scanDocument(XMLDocumentFragmentScannerImpl.java:551)
		at java.xml/com.sun.org.apache.xerces.internal.parsers.XML11Configuration.parse(XML11Configuration.java:890)
		at java.xml/com.sun.org.apache.xerces.internal.parsers.XML11Configuration.parse(XML11Configuration.java:826)
		at java.xml/com.sun.org.apache.xerces.internal.parsers.XMLParser.parse(XMLParser.java:137)
		at java.xml/com.sun.org.apache.xerces.internal.parsers.AbstractSAXParser.parse(AbstractSAXParser.java:1225)
		at java.xml/com.sun.org.apache.xerces.internal.jaxp.SAXParserImpl$JAXPSAXParser.parse(SAXParserImpl.java:629)
		at org.apache.tomcat.util.digester.Digester.parse(Digester.java:1535)
		at org.apache.tomcat.util.descriptor.web.WebXmlParser.parseWebXml(WebXmlParser.java:119)
		at org.apache.catalina.startup.ContextConfig.webConfig(ContextConfig.java:1236)
		at org.apache.catalina.startup.ContextConfig.configureStart(ContextConfig.java:961)
		at org.apache.catalina.startup.ContextConfig.lifecycleEvent(ContextConfig.java:290)
		at org.apache.catalina.util.LifecycleBase.fireLifecycleEvent(LifecycleBase.java:109)
		at org.apache.catalina.core.StandardContext.startInternal(StandardContext.java:4352)
		at org.apache.catalina.util.LifecycleBase.start(LifecycleBase.java:164)
		at org.apache.catalina.core.ContainerBase.addChildInternal(ContainerBase.java:599)
		at org.apache.catalina.core.ContainerBase.addChild(ContainerBase.java:571)
		at org.apache.catalina.core.StandardHost.addChild(StandardHost.java:603)
		at org.apache.catalina.startup.HostConfig.deployDirectory(HostConfig.java:1175)
		at org.apache.catalina.startup.HostConfig$DeployDirectory.run(HostConfig.java:1888)
		at java.base/java.util.concurrent.Executors$RunnableAdapter.call(Executors.java:545)
		at java.base/java.util.concurrent.FutureTask.run(FutureTask.java:328)
		at org.apache.tomcat.util.threads.InlineExecutorService.execute(InlineExecutorService.java:75)
		at java.base/java.util.concurrent.AbstractExecutorService.submit(AbstractExecutorService.java:125)
		at org.apache.catalina.startup.HostConfig.deployDirectories(HostConfig.java:1086)
		at org.apache.catalina.startup.HostConfig.deployApps(HostConfig.java:470)
		at org.apache.catalina.startup.HostConfig.start(HostConfig.java:1584)
		at org.apache.catalina.startup.HostConfig.lifecycleEvent(HostConfig.java:312)
		at org.apache.catalina.util.LifecycleBase.fireLifecycleEvent(LifecycleBase.java:109)
		at org.apache.catalina.util.LifecycleBase.setStateInternal(LifecycleBase.java:385)
		at org.apache.catalina.util.LifecycleBase.setState(LifecycleBase.java:332)
		at org.apache.catalina.core.ContainerBase.startInternal(ContainerBase.java:776)
		at org.apache.catalina.core.StandardHost.startInternal(StandardHost.java:721)
		at org.apache.catalina.util.LifecycleBase.start(LifecycleBase.java:164)
		at org.apache.catalina.core.ContainerBase$StartChild.call(ContainerBase.java:1203)
		at org.apache.catalina.core.ContainerBase$StartChild.call(ContainerBase.java:1193)
		at java.base/java.util.concurrent.FutureTask.run(FutureTask.java:328)
		at org.apache.tomcat.util.threads.InlineExecutorService.execute(InlineExecutorService.java:75)
		at java.base/java.util.concurrent.AbstractExecutorService.submit(AbstractExecutorService.java:149)
		at org.apache.catalina.core.ContainerBase.startInternal(ContainerBase.java:749)
		at org.apache.catalina.core.StandardEngine.startInternal(StandardEngine.java:211)
		at org.apache.catalina.util.LifecycleBase.start(LifecycleBase.java:164)
		at org.apache.catalina.core.StandardService.startInternal(StandardService.java:415)
		at org.apache.catalina.util.LifecycleBase.start(LifecycleBase.java:164)
		at org.apache.catalina.core.StandardServer.startInternal(StandardServer.java:874)
		at org.apache.catalina.util.LifecycleBase.start(LifecycleBase.java:164)
		at org.apache.catalina.startup.Catalina.start(Catalina.java:735)
		at java.base/jdk.internal.reflect.DirectMethodHandleAccessor.invoke(DirectMethodHandleAccessor.java:104)
		at java.base/java.lang.reflect.Method.invoke(Method.java:565)
		at org.apache.catalina.startup.Bootstrap.start(Bootstrap.java:345)
		at org.apache.catalina.startup.Bootstrap.main(Bootstrap.java:473)
24-Feb-2026 00:51:37.955 SEVERE [main] org.apache.tomcat.util.descriptor.web.WebXmlParser.parseWebXml Occurred at line [100] column [1]
24-Feb-2026 00:51:38.062 SEVERE [main] org.apache.catalina.startup.ContextConfig.configureStart Marking this application unavailable due to previous error(s)
24-Feb-2026 00:51:38.211 SEVERE [main] org.apache.catalina.core.StandardContext.startInternal One or more components marked the context as not correctly configured
24-Feb-2026 00:51:38.251 SEVERE [main] org.apache.catalina.core.StandardContext.startInternal Context [/CampusConnect] startup failed due to previous errors
24-Feb-2026 00:51:38.278 INFO [main] org.apache.catalina.startup.HostConfig.deployDirectory Deployment of web application directory [D:\VIT - PROJECT\CompusConnect\apache-tomcat-9.0.96\webapps\CampusConnect] has finished in [1,086] ms
24-Feb-2026 00:51:38.279 INFO [main] org.apache.catalina.startup.HostConfig.deployDirectory Deploying web application directory [D:\VIT - PROJECT\CompusConnect\apache-tomcat-9.0.96\webapps\docs]
24-Feb-2026 00:51:38.622 INFO [main] org.apache.catalina.startup.HostConfig.deployDirectory Deployment of web application directory [D:\VIT - PROJECT\CompusConnect\apache-tomcat-9.0.96\webapps\docs] has finished in [342] ms
24-Feb-2026 00:51:38.623 INFO [main] org.apache.catalina.startup.HostConfig.deployDirectory Deploying web application directory [D:\VIT - PROJECT\CompusConnect\apache-tomcat-9.0.96\webapps\examples]
24-Feb-2026 00:51:39.882 INFO [main] org.apache.catalina.startup.HostConfig.deployDirectory Deployment of web application directory [D:\VIT - PROJECT\CompusConnect\apache-tomcat-9.0.96\webapps\examples] has finished in [1,258] ms
24-Feb-2026 00:51:39.884 INFO [main] org.apache.catalina.startup.HostConfig.deployDirectory Deploying web application directory [D:\VIT - PROJECT\CompusConnect\apache-tomcat-9.0.96\webapps\host-manager]
24-Feb-2026 00:51:40.026 INFO [main] org.apache.catalina.startup.HostConfig.deployDirectory Deployment of web application directory [D:\VIT - PROJECT\CompusConnect\apache-tomcat-9.0.96\webapps\host-manager] has finished in [142] ms
24-Feb-2026 00:51:40.028 INFO [main] org.apache.catalina.startup.HostConfig.deployDirectory Deploying web application directory [D:\VIT - PROJECT\CompusConnect\apache-tomcat-9.0.96\webapps\manager]
24-Feb-2026 00:51:40.131 INFO [main] org.apache.catalina.startup.HostConfig.deployDirectory Deployment of web application directory [D:\VIT - PROJECT\CompusConnect\apache-tomcat-9.0.96\webapps\manager] has finished in [103] ms
24-Feb-2026 00:51:40.132 INFO [main] org.apache.catalina.startup.HostConfig.deployDirectory Deploying web application directory [D:\VIT - PROJECT\CompusConnect\apache-tomcat-9.0.96\webapps\ROOT]
24-Feb-2026 00:51:40.203 INFO [main] org.apache.catalina.startup.HostConfig.deployDirectory Deployment of web application directory [D:\VIT - PROJECT\CompusConnect\apache-tomcat-9.0.96\webapps\ROOT] has finished in [71] ms
24-Feb-2026 00:51:40.219 INFO [main] org.apache.catalina.startup.Catalina.start Server startup in [3273] milliseconds
24-Feb-2026 00:53:50.301 INFO [Catalina-utility-2] org.apache.catalina.startup.HostConfig.reload Reloading context [/CampusConnect]
24-Feb-2026 00:53:50.412 SEVERE [Catalina-utility-2] org.apache.catalina.startup.HostConfig.reload Error during context [/CampusConnect] restart
	org.apache.catalina.LifecycleException: Failed to start component [StandardEngine[Catalina].StandardHost[localhost].StandardContext[/CampusConnect]]
		at org.apache.catalina.util.LifecycleBase.handleSubClassException(LifecycleBase.java:402)
		at org.apache.catalina.util.LifecycleBase.start(LifecycleBase.java:179)
		at org.apache.catalina.startup.HostConfig.reload(HostConfig.java:1424)
		at org.apache.catalina.startup.HostConfig.checkResources(HostConfig.java:1390)
		at org.apache.catalina.startup.HostConfig.check(HostConfig.java:1620)
		at org.apache.catalina.startup.HostConfig.lifecycleEvent(HostConfig.java:308)
		at org.apache.catalina.util.LifecycleBase.fireLifecycleEvent(LifecycleBase.java:109)
		at org.apache.catalina.core.ContainerBase.backgroundProcess(ContainerBase.java:973)
		at org.apache.catalina.core.ContainerBase$ContainerBackgroundProcessor.processChildren(ContainerBase.java:1172)
		at org.apache.catalina.core.ContainerBase$ContainerBackgroundProcessor.processChildren(ContainerBase.java:1176)
		at org.apache.catalina.core.ContainerBase$ContainerBackgroundProcessor.run(ContainerBase.java:1154)
		at java.base/java.util.concurrent.Executors$RunnableAdapter.call(Executors.java:545)
		at java.base/java.util.concurrent.FutureTask.runAndReset(FutureTask.java:369)
		at java.base/java.util.concurrent.ScheduledThreadPoolExecutor$ScheduledFutureTask.run(ScheduledThreadPoolExecutor.java:310)
		at java.base/java.util.concurrent.ThreadPoolExecutor.runWorker(ThreadPoolExecutor.java:1090)
		at java.base/java.util.concurrent.ThreadPoolExecutor$Worker.run(ThreadPoolExecutor.java:614)
		at org.apache.tomcat.util.threads.TaskThread$WrappingRunnable.run(TaskThread.java:63)
		at java.base/java.lang.Thread.run(Thread.java:1474)
	Caused by: java.lang.IllegalArgumentException: The servlets named [DashboardServlet] and [controller.DashboardServlet] are both mapped to the url-pattern [/dashboard] which is not permitted
		at org.apache.tomcat.util.descriptor.web.WebXml.addServletMappingDecoded(WebXml.java:354)
		at org.apache.tomcat.util.descriptor.web.WebXml.addServletMapping(WebXml.java:347)
		at org.apache.catalina.startup.ContextConfig.processAnnotationWebServlet(ContextConfig.java:2547)
		at org.apache.catalina.startup.ContextConfig.processClass(ContextConfig.java:2252)
		at org.apache.catalina.startup.ContextConfig.processAnnotationsStream(ContextConfig.java:2241)
		at org.apache.catalina.startup.ContextConfig.processAnnotationsWebResource(ContextConfig.java:2151)
		at org.apache.catalina.startup.ContextConfig.processAnnotationsWebResource(ContextConfig.java:2146)
		at org.apache.catalina.startup.ContextConfig.processClasses(ContextConfig.java:1351)
		at org.apache.catalina.startup.ContextConfig.webConfig(ContextConfig.java:1261)
		at org.apache.catalina.startup.ContextConfig.configureStart(ContextConfig.java:961)
		at org.apache.catalina.startup.ContextConfig.lifecycleEvent(ContextConfig.java:290)
		at org.apache.catalina.util.LifecycleBase.fireLifecycleEvent(LifecycleBase.java:109)
		at org.apache.catalina.core.StandardContext.startInternal(StandardContext.java:4352)
		at org.apache.catalina.util.LifecycleBase.start(LifecycleBase.java:164)
		... 16 more
24-Feb-2026 00:54:00.421 INFO [Catalina-utility-1] org.apache.catalina.startup.HostConfig.reload Reloading context [/CampusConnect]
24-Feb-2026 00:54:00.509 SEVERE [Catalina-utility-1] org.apache.catalina.startup.HostConfig.reload Error during context [/CampusConnect] restart
	org.apache.catalina.LifecycleException: Failed to start component [StandardEngine[Catalina].StandardHost[localhost].StandardContext[/CampusConnect]]
		at org.apache.catalina.util.LifecycleBase.handleSubClassException(LifecycleBase.java:402)
		at org.apache.catalina.util.LifecycleBase.start(LifecycleBase.java:179)
		at org.apache.catalina.startup.HostConfig.reload(HostConfig.java:1424)
		at org.apache.catalina.startup.HostConfig.checkResources(HostConfig.java:1390)
		at org.apache.catalina.startup.HostConfig.check(HostConfig.java:1620)
		at org.apache.catalina.startup.HostConfig.lifecycleEvent(HostConfig.java:308)
		at org.apache.catalina.util.LifecycleBase.fireLifecycleEvent(LifecycleBase.java:109)
		at org.apache.catalina.core.ContainerBase.backgroundProcess(ContainerBase.java:973)
		at org.apache.catalina.core.ContainerBase$ContainerBackgroundProcessor.processChildren(ContainerBase.java:1172)
		at org.apache.catalina.core.ContainerBase$ContainerBackgroundProcessor.processChildren(ContainerBase.java:1176)
		at org.apache.catalina.core.ContainerBase$ContainerBackgroundProcessor.run(ContainerBase.java:1154)
		at java.base/java.util.concurrent.Executors$RunnableAdapter.call(Executors.java:545)
		at java.base/java.util.concurrent.FutureTask.runAndReset(FutureTask.java:369)
		at java.base/java.util.concurrent.ScheduledThreadPoolExecutor$ScheduledFutureTask.run(ScheduledThreadPoolExecutor.java:310)
		at java.base/java.util.concurrent.ThreadPoolExecutor.runWorker(ThreadPoolExecutor.java:1090)
		at java.base/java.util.concurrent.ThreadPoolExecutor$Worker.run(ThreadPoolExecutor.java:614)
		at org.apache.tomcat.util.threads.TaskThread$WrappingRunnable.run(TaskThread.java:63)
		at java.base/java.lang.Thread.run(Thread.java:1474)
	Caused by: java.lang.IllegalArgumentException: The servlets named [DashboardServlet] and [controller.DashboardServlet] are both mapped to the url-pattern [/dashboard] which is not permitted
		at org.apache.tomcat.util.descriptor.web.WebXml.addServletMappingDecoded(WebXml.java:354)
		at org.apache.tomcat.util.descriptor.web.WebXml.addServletMapping(WebXml.java:347)
		at org.apache.catalina.startup.ContextConfig.processAnnotationWebServlet(ContextConfig.java:2547)
		at org.apache.catalina.startup.ContextConfig.processClass(ContextConfig.java:2252)
		at org.apache.catalina.startup.ContextConfig.processAnnotationsStream(ContextConfig.java:2241)
		at org.apache.catalina.startup.ContextConfig.processAnnotationsWebResource(ContextConfig.java:2151)
		at org.apache.catalina.startup.ContextConfig.processAnnotationsWebResource(ContextConfig.java:2146)
		at org.apache.catalina.startup.ContextConfig.processClasses(ContextConfig.java:1351)
		at org.apache.catalina.startup.ContextConfig.webConfig(ContextConfig.java:1261)
		at org.apache.catalina.startup.ContextConfig.configureStart(ContextConfig.java:961)
		at org.apache.catalina.startup.ContextConfig.lifecycleEvent(ContextConfig.java:290)
		at org.apache.catalina.util.LifecycleBase.fireLifecycleEvent(LifecycleBase.java:109)
		at org.apache.catalina.core.StandardContext.startInternal(StandardContext.java:4352)
		at org.apache.catalina.util.LifecycleBase.start(LifecycleBase.java:164)
		... 16 more
24-Feb-2026 00:54:06.897 INFO [main] org.apache.catalina.core.StandardServer.await A valid shutdown command was received via the shutdown port. Stopping the Server instance.
24-Feb-2026 00:54:06.898 INFO [main] org.apache.coyote.AbstractProtocol.pause Pausing ProtocolHandler ["http-nio-8080"]
24-Feb-2026 00:54:06.902 INFO [main] org.apache.catalina.core.StandardService.stopInternal Stopping service [Catalina]
24-Feb-2026 00:54:06.954 INFO [main] org.apache.coyote.AbstractProtocol.stop Stopping ProtocolHandler ["http-nio-8080"]
24-Feb-2026 00:54:06.958 INFO [main] org.apache.coyote.AbstractProtocol.destroy Destroying ProtocolHandler ["http-nio-8080"]
24-Feb-2026 00:54:13.864 INFO [main] org.apache.catalina.startup.VersionLoggerListener.log Server version name:   Apache Tomcat/9.0.96
24-Feb-2026 00:54:13.874 INFO [main] org.apache.catalina.startup.VersionLoggerListener.log Server built:          Oct 3 2024 19:44:30 UTC
24-Feb-2026 00:54:13.876 INFO [main] org.apache.catalina.startup.VersionLoggerListener.log Server version number: 9.0.96.0
24-Feb-2026 00:54:13.877 INFO [main] org.apache.catalina.startup.VersionLoggerListener.log OS Name:               Windows 11
24-Feb-2026 00:54:13.878 INFO [main] org.apache.catalina.startup.VersionLoggerListener.log OS Version:            10.0
24-Feb-2026 00:54:13.879 INFO [main] org.apache.catalina.startup.VersionLoggerListener.log Architecture:          amd64
24-Feb-2026 00:54:13.880 INFO [main] org.apache.catalina.startup.VersionLoggerListener.log Java Home:             C:\Program Files\Java\jdk-25.0.2
24-Feb-2026 00:54:13.881 INFO [main] org.apache.catalina.startup.VersionLoggerListener.log JVM Version:           25.0.2+10-LTS-69
24-Feb-2026 00:54:13.882 INFO [main] org.apache.catalina.startup.VersionLoggerListener.log JVM Vendor:            Oracle Corporation
24-Feb-2026 00:54:13.883 INFO [main] org.apache.catalina.startup.VersionLoggerListener.log CATALINA_BASE:         D:\VIT - PROJECT\CompusConnect\apache-tomcat-9.0.96
24-Feb-2026 00:54:13.884 INFO [main] org.apache.catalina.startup.VersionLoggerListener.log CATALINA_HOME:         D:\VIT - PROJECT\CompusConnect\apache-tomcat-9.0.96
24-Feb-2026 00:54:13.915 INFO [main] org.apache.catalina.startup.VersionLoggerListener.log Command line argument: --add-opens=java.base/java.lang=ALL-UNNAMED
24-Feb-2026 00:54:13.916 INFO [main] org.apache.catalina.startup.VersionLoggerListener.log Command line argument: --add-opens=java.base/java.io=ALL-UNNAMED
24-Feb-2026 00:54:13.918 INFO [main] org.apache.catalina.startup.VersionLoggerListener.log Command line argument: --add-opens=java.base/java.util=ALL-UNNAMED
24-Feb-2026 00:54:13.919 INFO [main] org.apache.catalina.startup.VersionLoggerListener.log Command line argument: --add-opens=java.base/java.util.concurrent=ALL-UNNAMED
24-Feb-2026 00:54:13.920 INFO [main] org.apache.catalina.startup.VersionLoggerListener.log Command line argument: --add-opens=java.rmi/sun.rmi.transport=ALL-UNNAMED
24-Feb-2026 00:54:13.921 INFO [main] org.apache.catalina.startup.VersionLoggerListener.log Command line argument: -Djava.util.logging.config.file=D:\VIT - PROJECT\CompusConnect\apache-tomcat-9.0.96\conf\logging.properties
24-Feb-2026 00:54:13.922 INFO [main] org.apache.catalina.startup.VersionLoggerListener.log Command line argument: -Djava.util.logging.manager=org.apache.juli.ClassLoaderLogManager
24-Feb-2026 00:54:13.923 INFO [main] org.apache.catalina.startup.VersionLoggerListener.log Command line argument: -Djdk.tls.ephemeralDHKeySize=2048
24-Feb-2026 00:54:13.924 INFO [main] org.apache.catalina.startup.VersionLoggerListener.log Command line argument: -Djava.protocol.handler.pkgs=org.apache.catalina.webresources
24-Feb-2026 00:54:13.925 INFO [main] org.apache.catalina.startup.VersionLoggerListener.log Command line argument: -Dignore.endorsed.dirs=
24-Feb-2026 00:54:13.926 INFO [main] org.apache.catalina.startup.VersionLoggerListener.log Command line argument: -Dcatalina.base=D:\VIT - PROJECT\CompusConnect\apache-tomcat-9.0.96
24-Feb-2026 00:54:13.927 INFO [main] org.apache.catalina.startup.VersionLoggerListener.log Command line argument: -Dcatalina.home=D:\VIT - PROJECT\CompusConnect\apache-tomcat-9.0.96
24-Feb-2026 00:54:13.928 INFO [main] org.apache.catalina.startup.VersionLoggerListener.log Command line argument: -Djava.io.tmpdir=D:\VIT - PROJECT\CompusConnect\apache-tomcat-9.0.96\temp
24-Feb-2026 00:54:13.949 INFO [main] org.apache.catalina.core.AprLifecycleListener.lifecycleEvent Loaded Apache Tomcat Native library [1.3.1] using APR version [1.7.4].
24-Feb-2026 00:54:13.950 INFO [main] org.apache.catalina.core.AprLifecycleListener.lifecycleEvent APR capabilities: IPv6 [true], sendfile [true], accept filters [false], random [true], UDS [true].
24-Feb-2026 00:54:13.951 INFO [main] org.apache.catalina.core.AprLifecycleListener.lifecycleEvent APR/OpenSSL configuration: useAprConnector [false], useOpenSSL [true]
24-Feb-2026 00:54:13.990 INFO [main] org.apache.catalina.core.AprLifecycleListener.initializeSSL OpenSSL successfully initialized [OpenSSL 3.0.14 4 Jun 2024]
24-Feb-2026 00:54:15.096 INFO [main] org.apache.coyote.AbstractProtocol.init Initializing ProtocolHandler ["http-nio-8080"]
24-Feb-2026 00:54:15.173 SEVERE [main] org.apache.catalina.util.LifecycleBase.handleSubClassException Failed to initialize component [Connector["http-nio-8080"]]
	org.apache.catalina.LifecycleException: Protocol handler initialization failed
		at org.apache.catalina.connector.Connector.initInternal(Connector.java:1027)
		at org.apache.catalina.util.LifecycleBase.init(LifecycleBase.java:122)
		at org.apache.catalina.core.StandardService.initInternal(StandardService.java:525)
		at org.apache.catalina.util.LifecycleBase.init(LifecycleBase.java:122)
		at org.apache.catalina.core.StandardServer.initInternal(StandardServer.java:986)
		at org.apache.catalina.util.LifecycleBase.init(LifecycleBase.java:122)
		at org.apache.catalina.startup.Catalina.load(Catalina.java:686)
		at org.apache.catalina.startup.Catalina.load(Catalina.java:709)
		at java.base/jdk.internal.reflect.DirectMethodHandleAccessor.invoke(DirectMethodHandleAccessor.java:104)
		at java.base/java.lang.reflect.Method.invoke(Method.java:565)
		at org.apache.catalina.startup.Bootstrap.load(Bootstrap.java:302)
		at org.apache.catalina.startup.Bootstrap.main(Bootstrap.java:472)
	Caused by: java.net.BindException: Address already in use: bind
		at java.base/sun.nio.ch.Net.bind0(Native Method)
		at java.base/sun.nio.ch.Net.bind(Net.java:522)
		at java.base/sun.nio.ch.ServerSocketChannelImpl.netBind(ServerSocketChannelImpl.java:335)
		at java.base/sun.nio.ch.ServerSocketChannelImpl.bind(ServerSocketChannelImpl.java:297)
		at org.apache.tomcat.util.net.NioEndpoint.initServerSocket(NioEndpoint.java:268)
		at org.apache.tomcat.util.net.NioEndpoint.bind(NioEndpoint.java:223)
		at org.apache.tomcat.util.net.AbstractEndpoint.bindWithCleanup(AbstractEndpoint.java:1373)
		at org.apache.tomcat.util.net.AbstractEndpoint.init(AbstractEndpoint.java:1386)
		at org.apache.coyote.AbstractProtocol.init(AbstractProtocol.java:663)
		at org.apache.coyote.http11.AbstractHttp11Protocol.init(AbstractHttp11Protocol.java:77)
		at org.apache.catalina.connector.Connector.initInternal(Connector.java:1025)
		... 11 more
24-Feb-2026 00:54:15.177 INFO [main] org.apache.catalina.startup.Catalina.load Server initialization in [2010] milliseconds
24-Feb-2026 00:54:15.383 INFO [main] org.apache.catalina.core.StandardService.startInternal Starting service [Catalina]
24-Feb-2026 00:54:15.384 INFO [main] org.apache.catalina.core.StandardEngine.startInternal Starting Servlet engine: [Apache Tomcat/9.0.96]
24-Feb-2026 00:54:15.425 INFO [main] org.apache.catalina.startup.HostConfig.deployDirectory Deploying web application directory [D:\VIT - PROJECT\CompusConnect\apache-tomcat-9.0.96\webapps\CampusConnect]
24-Feb-2026 00:54:16.027 SEVERE [main] org.apache.catalina.startup.HostConfig.deployDirectory Error deploying web application directory [D:\VIT - PROJECT\CompusConnect\apache-tomcat-9.0.96\webapps\CampusConnect]
	java.lang.IllegalStateException: Error starting child
		at org.apache.catalina.core.ContainerBase.addChildInternal(ContainerBase.java:602)
		at org.apache.catalina.core.ContainerBase.addChild(ContainerBase.java:571)
		at org.apache.catalina.core.StandardHost.addChild(StandardHost.java:603)
		at org.apache.catalina.startup.HostConfig.deployDirectory(HostConfig.java:1175)
		at org.apache.catalina.startup.HostConfig$DeployDirectory.run(HostConfig.java:1888)
		at java.base/java.util.concurrent.Executors$RunnableAdapter.call(Executors.java:545)
		at java.base/java.util.concurrent.FutureTask.run(FutureTask.java:328)
		at org.apache.tomcat.util.threads.InlineExecutorService.execute(InlineExecutorService.java:75)
		at java.base/java.util.concurrent.AbstractExecutorService.submit(AbstractExecutorService.java:125)
		at org.apache.catalina.startup.HostConfig.deployDirectories(HostConfig.java:1086)
		at org.apache.catalina.startup.HostConfig.deployApps(HostConfig.java:470)
		at org.apache.catalina.startup.HostConfig.start(HostConfig.java:1584)
		at org.apache.catalina.startup.HostConfig.lifecycleEvent(HostConfig.java:312)
		at org.apache.catalina.util.LifecycleBase.fireLifecycleEvent(LifecycleBase.java:109)
		at org.apache.catalina.util.LifecycleBase.setStateInternal(LifecycleBase.java:385)
		at org.apache.catalina.util.LifecycleBase.setState(LifecycleBase.java:332)
		at org.apache.catalina.core.ContainerBase.startInternal(ContainerBase.java:776)
		at org.apache.catalina.core.StandardHost.startInternal(StandardHost.java:721)
		at org.apache.catalina.util.LifecycleBase.start(LifecycleBase.java:164)
		at org.apache.catalina.core.ContainerBase$StartChild.call(ContainerBase.java:1203)
		at org.apache.catalina.core.ContainerBase$StartChild.call(ContainerBase.java:1193)
		at java.base/java.util.concurrent.FutureTask.run(FutureTask.java:328)
		at org.apache.tomcat.util.threads.InlineExecutorService.execute(InlineExecutorService.java:75)
		at java.base/java.util.concurrent.AbstractExecutorService.submit(AbstractExecutorService.java:149)
		at org.apache.catalina.core.ContainerBase.startInternal(ContainerBase.java:749)
		at org.apache.catalina.core.StandardEngine.startInternal(StandardEngine.java:211)
		at org.apache.catalina.util.LifecycleBase.start(LifecycleBase.java:164)
		at org.apache.catalina.core.StandardService.startInternal(StandardService.java:415)
		at org.apache.catalina.util.LifecycleBase.start(LifecycleBase.java:164)
		at org.apache.catalina.core.StandardServer.startInternal(StandardServer.java:874)
		at org.apache.catalina.util.LifecycleBase.start(LifecycleBase.java:164)
		at org.apache.catalina.startup.Catalina.start(Catalina.java:735)
		at java.base/jdk.internal.reflect.DirectMethodHandleAccessor.invoke(DirectMethodHandleAccessor.java:104)
		at java.base/java.lang.reflect.Method.invoke(Method.java:565)
		at org.apache.catalina.startup.Bootstrap.start(Bootstrap.java:345)
		at org.apache.catalina.startup.Bootstrap.main(Bootstrap.java:473)
	Caused by: org.apache.catalina.LifecycleException: Failed to start component [StandardEngine[Catalina].StandardHost[localhost].StandardContext[/CampusConnect]]
		at org.apache.catalina.util.LifecycleBase.handleSubClassException(LifecycleBase.java:402)
		at org.apache.catalina.util.LifecycleBase.start(LifecycleBase.java:179)
		at org.apache.catalina.core.ContainerBase.addChildInternal(ContainerBase.java:599)
		... 35 more
	Caused by: java.lang.IllegalArgumentException: The servlets named [DashboardServlet] and [controller.DashboardServlet] are both mapped to the url-pattern [/dashboard] which is not permitted
		at org.apache.tomcat.util.descriptor.web.WebXml.addServletMappingDecoded(WebXml.java:354)
		at org.apache.tomcat.util.descriptor.web.WebXml.addServletMapping(WebXml.java:347)
		at org.apache.catalina.startup.ContextConfig.processAnnotationWebServlet(ContextConfig.java:2547)
		at org.apache.catalina.startup.ContextConfig.processClass(ContextConfig.java:2252)
		at org.apache.catalina.startup.ContextConfig.processAnnotationsStream(ContextConfig.java:2241)
		at org.apache.catalina.startup.ContextConfig.processAnnotationsWebResource(ContextConfig.java:2151)
		at org.apache.catalina.startup.ContextConfig.processAnnotationsWebResource(ContextConfig.java:2146)
		at org.apache.catalina.startup.ContextConfig.processClasses(ContextConfig.java:1351)
		at org.apache.catalina.startup.ContextConfig.webConfig(ContextConfig.java:1261)
		at org.apache.catalina.startup.ContextConfig.configureStart(ContextConfig.java:961)
		at org.apache.catalina.startup.ContextConfig.lifecycleEvent(ContextConfig.java:290)
		at org.apache.catalina.util.LifecycleBase.fireLifecycleEvent(LifecycleBase.java:109)
		at org.apache.catalina.core.StandardContext.startInternal(StandardContext.java:4352)
		at org.apache.catalina.util.LifecycleBase.start(LifecycleBase.java:164)
		... 36 more
24-Feb-2026 00:54:16.048 INFO [main] org.apache.catalina.startup.HostConfig.deployDirectory Deployment of web application directory [D:\VIT - PROJECT\CompusConnect\apache-tomcat-9.0.96\webapps\CampusConnect] has finished in [609] ms
24-Feb-2026 00:54:16.051 INFO [main] org.apache.catalina.startup.HostConfig.deployDirectory Deploying web application directory [D:\VIT - PROJECT\CompusConnect\apache-tomcat-9.0.96\webapps\docs]
24-Feb-2026 00:54:16.661 INFO [main] org.apache.catalina.startup.HostConfig.deployDirectory Deployment of web application directory [D:\VIT - PROJECT\CompusConnect\apache-tomcat-9.0.96\webapps\docs] has finished in [610] ms
24-Feb-2026 00:54:16.662 INFO [main] org.apache.catalina.startup.HostConfig.deployDirectory Deploying web application directory [D:\VIT - PROJECT\CompusConnect\apache-tomcat-9.0.96\webapps\examples]
24-Feb-2026 00:54:17.897 INFO [main] org.apache.catalina.startup.HostConfig.deployDirectory Deployment of web application directory [D:\VIT - PROJECT\CompusConnect\apache-tomcat-9.0.96\webapps\examples] has finished in [1,234] ms
24-Feb-2026 00:54:17.898 INFO [main] org.apache.catalina.startup.HostConfig.deployDirectory Deploying web application directory [D:\VIT - PROJECT\CompusConnect\apache-tomcat-9.0.96\webapps\host-manager]
24-Feb-2026 00:54:18.104 INFO [main] org.apache.catalina.startup.HostConfig.deployDirectory Deployment of web application directory [D:\VIT - PROJECT\CompusConnect\apache-tomcat-9.0.96\webapps\host-manager] has finished in [206] ms
24-Feb-2026 00:54:18.107 INFO [main] org.apache.catalina.startup.HostConfig.deployDirectory Deploying web application directory [D:\VIT - PROJECT\CompusConnect\apache-tomcat-9.0.96\webapps\manager]
24-Feb-2026 00:54:18.249 INFO [main] org.apache.catalina.startup.HostConfig.deployDirectory Deployment of web application directory [D:\VIT - PROJECT\CompusConnect\apache-tomcat-9.0.96\webapps\manager] has finished in [143] ms
24-Feb-2026 00:54:18.251 INFO [main] org.apache.catalina.startup.HostConfig.deployDirectory Deploying web application directory [D:\VIT - PROJECT\CompusConnect\apache-tomcat-9.0.96\webapps\ROOT]
24-Feb-2026 00:54:18.337 INFO [main] org.apache.catalina.startup.HostConfig.deployDirectory Deployment of web application directory [D:\VIT - PROJECT\CompusConnect\apache-tomcat-9.0.96\webapps\ROOT] has finished in [87] ms
24-Feb-2026 00:54:18.355 INFO [main] org.apache.catalina.startup.Catalina.start Server startup in [3153] milliseconds
24-Feb-2026 00:55:57.862 INFO [main] org.apache.catalina.core.StandardServer.await A valid shutdown command was received via the shutdown port. Stopping the Server instance.
24-Feb-2026 00:55:57.865 INFO [main] org.apache.coyote.AbstractProtocol.pause Pausing ProtocolHandler ["http-nio-8080"]
24-Feb-2026 00:55:57.866 INFO [main] org.apache.catalina.core.StandardService.stopInternal Stopping service [Catalina]
24-Feb-2026 00:55:57.936 INFO [main] org.apache.coyote.AbstractProtocol.stop Stopping ProtocolHandler ["http-nio-8080"]
24-Feb-2026 00:55:57.940 INFO [main] org.apache.coyote.AbstractProtocol.destroy Destroying ProtocolHandler ["http-nio-8080"]
24-Feb-2026 00:56:04.233 INFO [main] org.apache.catalina.startup.VersionLoggerListener.log Server version name:   Apache Tomcat/9.0.96
24-Feb-2026 00:56:04.242 INFO [main] org.apache.catalina.startup.VersionLoggerListener.log Server built:          Oct 3 2024 19:44:30 UTC
24-Feb-2026 00:56:04.244 INFO [main] org.apache.catalina.startup.VersionLoggerListener.log Server version number: 9.0.96.0
24-Feb-2026 00:56:04.244 INFO [main] org.apache.catalina.startup.VersionLoggerListener.log OS Name:               Windows 11
24-Feb-2026 00:56:04.245 INFO [main] org.apache.catalina.startup.VersionLoggerListener.log OS Version:            10.0
24-Feb-2026 00:56:04.246 INFO [main] org.apache.catalina.startup.VersionLoggerListener.log Architecture:          amd64
24-Feb-2026 00:56:04.246 INFO [main] org.apache.catalina.startup.VersionLoggerListener.log Java Home:             C:\Program Files\Java\jdk-25.0.2
24-Feb-2026 00:56:04.246 INFO [main] org.apache.catalina.startup.VersionLoggerListener.log JVM Version:           25.0.2+10-LTS-69
24-Feb-2026 00:56:04.246 INFO [main] org.apache.catalina.startup.VersionLoggerListener.log JVM Vendor:            Oracle Corporation
24-Feb-2026 00:56:04.248 INFO [main] org.apache.catalina.startup.VersionLoggerListener.log CATALINA_BASE:         D:\VIT - PROJECT\CompusConnect\apache-tomcat-9.0.96
24-Feb-2026 00:56:04.249 INFO [main] org.apache.catalina.startup.VersionLoggerListener.log CATALINA_HOME:         D:\VIT - PROJECT\CompusConnect\apache-tomcat-9.0.96
24-Feb-2026 00:56:04.271 INFO [main] org.apache.catalina.startup.VersionLoggerListener.log Command line argument: --add-opens=java.base/java.lang=ALL-UNNAMED
24-Feb-2026 00:56:04.273 INFO [main] org.apache.catalina.startup.VersionLoggerListener.log Command line argument: --add-opens=java.base/java.io=ALL-UNNAMED
24-Feb-2026 00:56:04.274 INFO [main] org.apache.catalina.startup.VersionLoggerListener.log Command line argument: --add-opens=java.base/java.util=ALL-UNNAMED
24-Feb-2026 00:56:04.275 INFO [main] org.apache.catalina.startup.VersionLoggerListener.log Command line argument: --add-opens=java.base/java.util.concurrent=ALL-UNNAMED
24-Feb-2026 00:56:04.275 INFO [main] org.apache.catalina.startup.VersionLoggerListener.log Command line argument: --add-opens=java.rmi/sun.rmi.transport=ALL-UNNAMED
24-Feb-2026 00:56:04.276 INFO [main] org.apache.catalina.startup.VersionLoggerListener.log Command line argument: -Djava.util.logging.config.file=D:\VIT - PROJECT\CompusConnect\apache-tomcat-9.0.96\conf\logging.properties
24-Feb-2026 00:56:04.277 INFO [main] org.apache.catalina.startup.VersionLoggerListener.log Command line argument: -Djava.util.logging.manager=org.apache.juli.ClassLoaderLogManager
24-Feb-2026 00:56:04.278 INFO [main] org.apache.catalina.startup.VersionLoggerListener.log Command line argument: -Djdk.tls.ephemeralDHKeySize=2048
24-Feb-2026 00:56:04.278 INFO [main] org.apache.catalina.startup.VersionLoggerListener.log Command line argument: -Djava.protocol.handler.pkgs=org.apache.catalina.webresources
24-Feb-2026 00:56:04.279 INFO [main] org.apache.catalina.startup.VersionLoggerListener.log Command line argument: -Dignore.endorsed.dirs=
24-Feb-2026 00:56:04.279 INFO [main] org.apache.catalina.startup.VersionLoggerListener.log Command line argument: -Dcatalina.base=D:\VIT - PROJECT\CompusConnect\apache-tomcat-9.0.96
24-Feb-2026 00:56:04.280 INFO [main] org.apache.catalina.startup.VersionLoggerListener.log Command line argument: -Dcatalina.home=D:\VIT - PROJECT\CompusConnect\apache-tomcat-9.0.96
24-Feb-2026 00:56:04.280 INFO [main] org.apache.catalina.startup.VersionLoggerListener.log Command line argument: -Djava.io.tmpdir=D:\VIT - PROJECT\CompusConnect\apache-tomcat-9.0.96\temp
24-Feb-2026 00:56:04.294 INFO [main] org.apache.catalina.core.AprLifecycleListener.lifecycleEvent Loaded Apache Tomcat Native library [1.3.1] using APR version [1.7.4].
24-Feb-2026 00:56:04.295 INFO [main] org.apache.catalina.core.AprLifecycleListener.lifecycleEvent APR capabilities: IPv6 [true], sendfile [true], accept filters [false], random [true], UDS [true].
24-Feb-2026 00:56:04.295 INFO [main] org.apache.catalina.core.AprLifecycleListener.lifecycleEvent APR/OpenSSL configuration: useAprConnector [false], useOpenSSL [true]
24-Feb-2026 00:56:04.324 INFO [main] org.apache.catalina.core.AprLifecycleListener.initializeSSL OpenSSL successfully initialized [OpenSSL 3.0.14 4 Jun 2024]
24-Feb-2026 00:56:05.236 INFO [main] org.apache.coyote.AbstractProtocol.init Initializing ProtocolHandler ["http-nio-8080"]
24-Feb-2026 00:56:05.309 SEVERE [main] org.apache.catalina.util.LifecycleBase.handleSubClassException Failed to initialize component [Connector["http-nio-8080"]]
	org.apache.catalina.LifecycleException: Protocol handler initialization failed
		at org.apache.catalina.connector.Connector.initInternal(Connector.java:1027)
		at org.apache.catalina.util.LifecycleBase.init(LifecycleBase.java:122)
		at org.apache.catalina.core.StandardService.initInternal(StandardService.java:525)
		at org.apache.catalina.util.LifecycleBase.init(LifecycleBase.java:122)
		at org.apache.catalina.core.StandardServer.initInternal(StandardServer.java:986)
		at org.apache.catalina.util.LifecycleBase.init(LifecycleBase.java:122)
		at org.apache.catalina.startup.Catalina.load(Catalina.java:686)
		at org.apache.catalina.startup.Catalina.load(Catalina.java:709)
		at java.base/jdk.internal.reflect.DirectMethodHandleAccessor.invoke(DirectMethodHandleAccessor.java:104)
		at java.base/java.lang.reflect.Method.invoke(Method.java:565)
		at org.apache.catalina.startup.Bootstrap.load(Bootstrap.java:302)
		at org.apache.catalina.startup.Bootstrap.main(Bootstrap.java:472)
	Caused by: java.net.BindException: Address already in use: bind
		at java.base/sun.nio.ch.Net.bind0(Native Method)
		at java.base/sun.nio.ch.Net.bind(Net.java:522)
		at java.base/sun.nio.ch.ServerSocketChannelImpl.netBind(ServerSocketChannelImpl.java:335)
		at java.base/sun.nio.ch.ServerSocketChannelImpl.bind(ServerSocketChannelImpl.java:297)
		at org.apache.tomcat.util.net.NioEndpoint.initServerSocket(NioEndpoint.java:268)
		at org.apache.tomcat.util.net.NioEndpoint.bind(NioEndpoint.java:223)
		at org.apache.tomcat.util.net.AbstractEndpoint.bindWithCleanup(AbstractEndpoint.java:1373)
		at org.apache.tomcat.util.net.AbstractEndpoint.init(AbstractEndpoint.java:1386)
		at org.apache.coyote.AbstractProtocol.init(AbstractProtocol.java:663)
		at org.apache.coyote.http11.AbstractHttp11Protocol.init(AbstractHttp11Protocol.java:77)
		at org.apache.catalina.connector.Connector.initInternal(Connector.java:1025)
		... 11 more
24-Feb-2026 00:56:05.313 INFO [main] org.apache.catalina.startup.Catalina.load Server initialization in [1613] milliseconds
24-Feb-2026 00:56:05.485 INFO [main] org.apache.catalina.core.StandardService.startInternal Starting service [Catalina]
24-Feb-2026 00:56:05.486 INFO [main] org.apache.catalina.core.StandardEngine.startInternal Starting Servlet engine: [Apache Tomcat/9.0.96]
24-Feb-2026 00:56:05.513 INFO [main] org.apache.catalina.startup.HostConfig.deployDirectory Deploying web application directory [D:\VIT - PROJECT\CompusConnect\apache-tomcat-9.0.96\webapps\CampusConnect]
24-Feb-2026 00:56:08.205 INFO [main] org.apache.jasper.servlet.TldScanner.scanJars At least one JAR was scanned for TLDs yet contained no TLDs. Enable debug logging for this logger for a complete list of JARs that were scanned but no TLDs were found in them. Skipping unneeded JARs during scanning can improve startup time and JSP compilation time.
24-Feb-2026 00:56:08.613 INFO [main] org.apache.catalina.startup.HostConfig.deployDirectory Deployment of web application directory [D:\VIT - PROJECT\CompusConnect\apache-tomcat-9.0.96\webapps\CampusConnect] has finished in [3,097] ms
24-Feb-2026 00:56:08.615 INFO [main] org.apache.catalina.startup.HostConfig.deployDirectory Deploying web application directory [D:\VIT - PROJECT\CompusConnect\apache-tomcat-9.0.96\webapps\docs]
24-Feb-2026 00:56:08.780 INFO [main] org.apache.catalina.startup.HostConfig.deployDirectory Deployment of web application directory [D:\VIT - PROJECT\CompusConnect\apache-tomcat-9.0.96\webapps\docs] has finished in [165] ms
24-Feb-2026 00:56:08.781 INFO [main] org.apache.catalina.startup.HostConfig.deployDirectory Deploying web application directory [D:\VIT - PROJECT\CompusConnect\apache-tomcat-9.0.96\webapps\examples]
24-Feb-2026 00:56:09.896 INFO [main] org.apache.catalina.startup.HostConfig.deployDirectory Deployment of web application directory [D:\VIT - PROJECT\CompusConnect\apache-tomcat-9.0.96\webapps\examples] has finished in [1,115] ms
24-Feb-2026 00:56:09.897 INFO [main] org.apache.catalina.startup.HostConfig.deployDirectory Deploying web application directory [D:\VIT - PROJECT\CompusConnect\apache-tomcat-9.0.96\webapps\host-manager]
24-Feb-2026 00:56:10.026 INFO [main] org.apache.catalina.startup.HostConfig.deployDirectory Deployment of web application directory [D:\VIT - PROJECT\CompusConnect\apache-tomcat-9.0.96\webapps\host-manager] has finished in [128] ms
24-Feb-2026 00:56:10.028 INFO [main] org.apache.catalina.startup.HostConfig.deployDirectory Deploying web application directory [D:\VIT - PROJECT\CompusConnect\apache-tomcat-9.0.96\webapps\manager]
24-Feb-2026 00:56:10.193 INFO [main] org.apache.catalina.startup.HostConfig.deployDirectory Deployment of web application directory [D:\VIT - PROJECT\CompusConnect\apache-tomcat-9.0.96\webapps\manager] has finished in [166] ms
24-Feb-2026 00:56:10.195 INFO [main] org.apache.catalina.startup.HostConfig.deployDirectory Deploying web application directory [D:\VIT - PROJECT\CompusConnect\apache-tomcat-9.0.96\webapps\ROOT]
24-Feb-2026 00:56:10.300 INFO [main] org.apache.catalina.startup.HostConfig.deployDirectory Deployment of web application directory [D:\VIT - PROJECT\CompusConnect\apache-tomcat-9.0.96\webapps\ROOT] has finished in [105] ms
24-Feb-2026 00:56:10.324 INFO [main] org.apache.catalina.startup.Catalina.start Server startup in [5004] milliseconds
24-Feb-2026 00:56:42.868 INFO [main] org.apache.catalina.startup.VersionLoggerListener.log Server version name:   Apache Tomcat/9.0.96
24-Feb-2026 00:56:42.878 INFO [main] org.apache.catalina.startup.VersionLoggerListener.log Server built:          Oct 3 2024 19:44:30 UTC
24-Feb-2026 00:56:42.880 INFO [main] org.apache.catalina.startup.VersionLoggerListener.log Server version number: 9.0.96.0
24-Feb-2026 00:56:42.880 INFO [main] org.apache.catalina.startup.VersionLoggerListener.log OS Name:               Windows 11
24-Feb-2026 00:56:42.881 INFO [main] org.apache.catalina.startup.VersionLoggerListener.log OS Version:            10.0
24-Feb-2026 00:56:42.882 INFO [main] org.apache.catalina.startup.VersionLoggerListener.log Architecture:          amd64
24-Feb-2026 00:56:42.883 INFO [main] org.apache.catalina.startup.VersionLoggerListener.log Java Home:             C:\Program Files\Java\jdk-25.0.2
24-Feb-2026 00:56:42.884 INFO [main] org.apache.catalina.startup.VersionLoggerListener.log JVM Version:           25.0.2+10-LTS-69
24-Feb-2026 00:56:42.884 INFO [main] org.apache.catalina.startup.VersionLoggerListener.log JVM Vendor:            Oracle Corporation
24-Feb-2026 00:56:42.885 INFO [main] org.apache.catalina.startup.VersionLoggerListener.log CATALINA_BASE:         D:\VIT - PROJECT\CompusConnect\apache-tomcat-9.0.96
24-Feb-2026 00:56:42.886 INFO [main] org.apache.catalina.startup.VersionLoggerListener.log CATALINA_HOME:         D:\VIT - PROJECT\CompusConnect\apache-tomcat-9.0.96
24-Feb-2026 00:56:42.917 INFO [main] org.apache.catalina.startup.VersionLoggerListener.log Command line argument: --add-opens=java.base/java.lang=ALL-UNNAMED
24-Feb-2026 00:56:42.918 INFO [main] org.apache.catalina.startup.VersionLoggerListener.log Command line argument: --add-opens=java.base/java.io=ALL-UNNAMED
24-Feb-2026 00:56:42.918 INFO [main] org.apache.catalina.startup.VersionLoggerListener.log Command line argument: --add-opens=java.base/java.util=ALL-UNNAMED
24-Feb-2026 00:56:42.919 INFO [main] org.apache.catalina.startup.VersionLoggerListener.log Command line argument: --add-opens=java.base/java.util.concurrent=ALL-UNNAMED
24-Feb-2026 00:56:42.920 INFO [main] org.apache.catalina.startup.VersionLoggerListener.log Command line argument: --add-opens=java.rmi/sun.rmi.transport=ALL-UNNAMED
24-Feb-2026 00:56:42.921 INFO [main] org.apache.catalina.startup.VersionLoggerListener.log Command line argument: -Djava.util.logging.config.file=D:\VIT - PROJECT\CompusConnect\apache-tomcat-9.0.96\conf\logging.properties
24-Feb-2026 00:56:42.923 INFO [main] org.apache.catalina.startup.VersionLoggerListener.log Command line argument: -Djava.util.logging.manager=org.apache.juli.ClassLoaderLogManager
24-Feb-2026 00:56:42.924 INFO [main] org.apache.catalina.startup.VersionLoggerListener.log Command line argument: -Djdk.tls.ephemeralDHKeySize=2048
24-Feb-2026 00:56:42.925 INFO [main] org.apache.catalina.startup.VersionLoggerListener.log Command line argument: -Djava.protocol.handler.pkgs=org.apache.catalina.webresources
24-Feb-2026 00:56:42.927 INFO [main] org.apache.catalina.startup.VersionLoggerListener.log Command line argument: -Dignore.endorsed.dirs=
24-Feb-2026 00:56:42.927 INFO [main] org.apache.catalina.startup.VersionLoggerListener.log Command line argument: -Dcatalina.base=D:\VIT - PROJECT\CompusConnect\apache-tomcat-9.0.96
24-Feb-2026 00:56:42.928 INFO [main] org.apache.catalina.startup.VersionLoggerListener.log Command line argument: -Dcatalina.home=D:\VIT - PROJECT\CompusConnect\apache-tomcat-9.0.96
24-Feb-2026 00:56:42.929 INFO [main] org.apache.catalina.startup.VersionLoggerListener.log Command line argument: -Djava.io.tmpdir=D:\VIT - PROJECT\CompusConnect\apache-tomcat-9.0.96\temp
24-Feb-2026 00:56:42.943 INFO [main] org.apache.catalina.core.AprLifecycleListener.lifecycleEvent Loaded Apache Tomcat Native library [1.3.1] using APR version [1.7.4].
24-Feb-2026 00:56:42.944 INFO [main] org.apache.catalina.core.AprLifecycleListener.lifecycleEvent APR capabilities: IPv6 [true], sendfile [true], accept filters [false], random [true], UDS [true].
24-Feb-2026 00:56:42.944 INFO [main] org.apache.catalina.core.AprLifecycleListener.lifecycleEvent APR/OpenSSL configuration: useAprConnector [false], useOpenSSL [true]
24-Feb-2026 00:56:42.969 INFO [main] org.apache.catalina.core.AprLifecycleListener.initializeSSL OpenSSL successfully initialized [OpenSSL 3.0.14 4 Jun 2024]
24-Feb-2026 00:56:43.978 INFO [main] org.apache.coyote.AbstractProtocol.init Initializing ProtocolHandler ["http-nio-8080"]
24-Feb-2026 00:56:44.039 SEVERE [main] org.apache.catalina.util.LifecycleBase.handleSubClassException Failed to initialize component [Connector["http-nio-8080"]]
	org.apache.catalina.LifecycleException: Protocol handler initialization failed
		at org.apache.catalina.connector.Connector.initInternal(Connector.java:1027)
		at org.apache.catalina.util.LifecycleBase.init(LifecycleBase.java:122)
		at org.apache.catalina.core.StandardService.initInternal(StandardService.java:525)
		at org.apache.catalina.util.LifecycleBase.init(LifecycleBase.java:122)
		at org.apache.catalina.core.StandardServer.initInternal(StandardServer.java:986)
		at org.apache.catalina.util.LifecycleBase.init(LifecycleBase.java:122)
		at org.apache.catalina.startup.Catalina.load(Catalina.java:686)
		at org.apache.catalina.startup.Catalina.load(Catalina.java:709)
		at java.base/jdk.internal.reflect.DirectMethodHandleAccessor.invoke(DirectMethodHandleAccessor.java:104)
		at java.base/java.lang.reflect.Method.invoke(Method.java:565)
		at org.apache.catalina.startup.Bootstrap.load(Bootstrap.java:302)
		at org.apache.catalina.startup.Bootstrap.main(Bootstrap.java:472)
	Caused by: java.net.BindException: Address already in use: bind
		at java.base/sun.nio.ch.Net.bind0(Native Method)
		at java.base/sun.nio.ch.Net.bind(Net.java:522)
		at java.base/sun.nio.ch.ServerSocketChannelImpl.netBind(ServerSocketChannelImpl.java:335)
		at java.base/sun.nio.ch.ServerSocketChannelImpl.bind(ServerSocketChannelImpl.java:297)
		at org.apache.tomcat.util.net.NioEndpoint.initServerSocket(NioEndpoint.java:268)
		at org.apache.tomcat.util.net.NioEndpoint.bind(NioEndpoint.java:223)
		at org.apache.tomcat.util.net.AbstractEndpoint.bindWithCleanup(AbstractEndpoint.java:1373)
		at org.apache.tomcat.util.net.AbstractEndpoint.init(AbstractEndpoint.java:1386)
		at org.apache.coyote.AbstractProtocol.init(AbstractProtocol.java:663)
		at org.apache.coyote.http11.AbstractHttp11Protocol.init(AbstractHttp11Protocol.java:77)
		at org.apache.catalina.connector.Connector.initInternal(Connector.java:1025)
		... 11 more
24-Feb-2026 00:56:44.044 INFO [main] org.apache.catalina.startup.Catalina.load Server initialization in [1835] milliseconds
24-Feb-2026 00:56:44.227 INFO [main] org.apache.catalina.core.StandardService.startInternal Starting service [Catalina]
24-Feb-2026 00:56:44.228 INFO [main] org.apache.catalina.core.StandardEngine.startInternal Starting Servlet engine: [Apache Tomcat/9.0.96]
24-Feb-2026 00:56:44.261 INFO [main] org.apache.catalina.startup.HostConfig.deployDirectory Deploying web application directory [D:\VIT - PROJECT\CompusConnect\apache-tomcat-9.0.96\webapps\CampusConnect]
24-Feb-2026 00:56:46.437 INFO [main] org.apache.jasper.servlet.TldScanner.scanJars At least one JAR was scanned for TLDs yet contained no TLDs. Enable debug logging for this logger for a complete list of JARs that were scanned but no TLDs were found in them. Skipping unneeded JARs during scanning can improve startup time and JSP compilation time.
24-Feb-2026 00:56:46.716 INFO [main] org.apache.catalina.startup.HostConfig.deployDirectory Deployment of web application directory [D:\VIT - PROJECT\CompusConnect\apache-tomcat-9.0.96\webapps\CampusConnect] has finished in [2,453] ms
24-Feb-2026 00:56:46.718 INFO [main] org.apache.catalina.startup.HostConfig.deployDirectory Deploying web application directory [D:\VIT - PROJECT\CompusConnect\apache-tomcat-9.0.96\webapps\docs]
24-Feb-2026 00:56:46.846 INFO [main] org.apache.catalina.startup.HostConfig.deployDirectory Deployment of web application directory [D:\VIT - PROJECT\CompusConnect\apache-tomcat-9.0.96\webapps\docs] has finished in [129] ms
24-Feb-2026 00:56:46.847 INFO [main] org.apache.catalina.startup.HostConfig.deployDirectory Deploying web application directory [D:\VIT - PROJECT\CompusConnect\apache-tomcat-9.0.96\webapps\examples]
24-Feb-2026 00:56:47.863 INFO [main] org.apache.catalina.startup.HostConfig.deployDirectory Deployment of web application directory [D:\VIT - PROJECT\CompusConnect\apache-tomcat-9.0.96\webapps\examples] has finished in [1,016] ms
24-Feb-2026 00:56:47.864 INFO [main] org.apache.catalina.startup.HostConfig.deployDirectory Deploying web application directory [D:\VIT - PROJECT\CompusConnect\apache-tomcat-9.0.96\webapps\host-manager]
24-Feb-2026 00:56:47.977 INFO [main] org.apache.catalina.startup.HostConfig.deployDirectory Deployment of web application directory [D:\VIT - PROJECT\CompusConnect\apache-tomcat-9.0.96\webapps\host-manager] has finished in [113] ms
24-Feb-2026 00:56:47.979 INFO [main] org.apache.catalina.startup.HostConfig.deployDirectory Deploying web application directory [D:\VIT - PROJECT\CompusConnect\apache-tomcat-9.0.96\webapps\manager]
24-Feb-2026 00:56:48.116 INFO [main] org.apache.catalina.startup.HostConfig.deployDirectory Deployment of web application directory [D:\VIT - PROJECT\CompusConnect\apache-tomcat-9.0.96\webapps\manager] has finished in [137] ms
24-Feb-2026 00:56:48.117 INFO [main] org.apache.catalina.startup.HostConfig.deployDirectory Deploying web application directory [D:\VIT - PROJECT\CompusConnect\apache-tomcat-9.0.96\webapps\ROOT]
24-Feb-2026 00:56:48.214 INFO [main] org.apache.catalina.startup.HostConfig.deployDirectory Deployment of web application directory [D:\VIT - PROJECT\CompusConnect\apache-tomcat-9.0.96\webapps\ROOT] has finished in [97] ms
24-Feb-2026 00:56:48.232 INFO [main] org.apache.catalina.startup.Catalina.start Server startup in [4181] milliseconds
24-Feb-2026 01:00:00.418 INFO [main] org.apache.catalina.startup.VersionLoggerListener.log Server version name:   Apache Tomcat/9.0.96
24-Feb-2026 01:00:00.424 INFO [main] org.apache.catalina.startup.VersionLoggerListener.log Server built:          Oct 3 2024 19:44:30 UTC
24-Feb-2026 01:00:00.426 INFO [main] org.apache.catalina.startup.VersionLoggerListener.log Server version number: 9.0.96.0
24-Feb-2026 01:00:00.427 INFO [main] org.apache.catalina.startup.VersionLoggerListener.log OS Name:               Windows 11
24-Feb-2026 01:00:00.428 INFO [main] org.apache.catalina.startup.VersionLoggerListener.log OS Version:            10.0
24-Feb-2026 01:00:00.430 INFO [main] org.apache.catalina.startup.VersionLoggerListener.log Architecture:          amd64
24-Feb-2026 01:00:00.431 INFO [main] org.apache.catalina.startup.VersionLoggerListener.log Java Home:             C:\Program Files\Java\jdk-25.0.2
24-Feb-2026 01:00:00.432 INFO [main] org.apache.catalina.startup.VersionLoggerListener.log JVM Version:           25.0.2+10-LTS-69
24-Feb-2026 01:00:00.433 INFO [main] org.apache.catalina.startup.VersionLoggerListener.log JVM Vendor:            Oracle Corporation
24-Feb-2026 01:00:00.433 INFO [main] org.apache.catalina.startup.VersionLoggerListener.log CATALINA_BASE:         D:\VIT - PROJECT\CompusConnect\apache-tomcat-9.0.96
24-Feb-2026 01:00:00.434 INFO [main] org.apache.catalina.startup.VersionLoggerListener.log CATALINA_HOME:         D:\VIT - PROJECT\CompusConnect\apache-tomcat-9.0.96
24-Feb-2026 01:00:00.457 INFO [main] org.apache.catalina.startup.VersionLoggerListener.log Command line argument: --add-opens=java.base/java.lang=ALL-UNNAMED
24-Feb-2026 01:00:00.458 INFO [main] org.apache.catalina.startup.VersionLoggerListener.log Command line argument: --add-opens=java.base/java.io=ALL-UNNAMED
24-Feb-2026 01:00:00.459 INFO [main] org.apache.catalina.startup.VersionLoggerListener.log Command line argument: --add-opens=java.base/java.util=ALL-UNNAMED
24-Feb-2026 01:00:00.459 INFO [main] org.apache.catalina.startup.VersionLoggerListener.log Command line argument: --add-opens=java.base/java.util.concurrent=ALL-UNNAMED
24-Feb-2026 01:00:00.460 INFO [main] org.apache.catalina.startup.VersionLoggerListener.log Command line argument: --add-opens=java.rmi/sun.rmi.transport=ALL-UNNAMED
24-Feb-2026 01:00:00.462 INFO [main] org.apache.catalina.startup.VersionLoggerListener.log Command line argument: -Djava.util.logging.config.file=D:\VIT - PROJECT\CompusConnect\apache-tomcat-9.0.96\conf\logging.properties
24-Feb-2026 01:00:00.463 INFO [main] org.apache.catalina.startup.VersionLoggerListener.log Command line argument: -Djava.util.logging.manager=org.apache.juli.ClassLoaderLogManager
24-Feb-2026 01:00:00.464 INFO [main] org.apache.catalina.startup.VersionLoggerListener.log Command line argument: -Djdk.tls.ephemeralDHKeySize=2048
24-Feb-2026 01:00:00.467 INFO [main] org.apache.catalina.startup.VersionLoggerListener.log Command line argument: -Djava.protocol.handler.pkgs=org.apache.catalina.webresources
24-Feb-2026 01:00:00.467 INFO [main] org.apache.catalina.startup.VersionLoggerListener.log Command line argument: -Dignore.endorsed.dirs=
24-Feb-2026 01:00:00.468 INFO [main] org.apache.catalina.startup.VersionLoggerListener.log Command line argument: -Dcatalina.base=D:\VIT - PROJECT\CompusConnect\apache-tomcat-9.0.96
24-Feb-2026 01:00:00.469 INFO [main] org.apache.catalina.startup.VersionLoggerListener.log Command line argument: -Dcatalina.home=D:\VIT - PROJECT\CompusConnect\apache-tomcat-9.0.96
24-Feb-2026 01:00:00.469 INFO [main] org.apache.catalina.startup.VersionLoggerListener.log Command line argument: -Djava.io.tmpdir=D:\VIT - PROJECT\CompusConnect\apache-tomcat-9.0.96\temp
24-Feb-2026 01:00:00.483 INFO [main] org.apache.catalina.core.AprLifecycleListener.lifecycleEvent Loaded Apache Tomcat Native library [1.3.1] using APR version [1.7.4].
24-Feb-2026 01:00:00.483 INFO [main] org.apache.catalina.core.AprLifecycleListener.lifecycleEvent APR capabilities: IPv6 [true], sendfile [true], accept filters [false], random [true], UDS [true].
24-Feb-2026 01:00:00.484 INFO [main] org.apache.catalina.core.AprLifecycleListener.lifecycleEvent APR/OpenSSL configuration: useAprConnector [false], useOpenSSL [true]
24-Feb-2026 01:00:00.509 INFO [main] org.apache.catalina.core.AprLifecycleListener.initializeSSL OpenSSL successfully initialized [OpenSSL 3.0.14 4 Jun 2024]
24-Feb-2026 01:00:01.444 INFO [main] org.apache.coyote.AbstractProtocol.init Initializing ProtocolHandler ["http-nio-8081"]
24-Feb-2026 01:00:01.526 INFO [main] org.apache.catalina.startup.Catalina.load Server initialization in [1670] milliseconds
24-Feb-2026 01:00:01.672 INFO [main] org.apache.catalina.core.StandardService.startInternal Starting service [Catalina]
24-Feb-2026 01:00:01.673 INFO [main] org.apache.catalina.core.StandardEngine.startInternal Starting Servlet engine: [Apache Tomcat/9.0.96]
24-Feb-2026 01:00:01.712 INFO [main] org.apache.catalina.startup.HostConfig.deployDirectory Deploying web application directory [D:\VIT - PROJECT\CompusConnect\apache-tomcat-9.0.96\webapps\CampusConnect]
24-Feb-2026 01:00:04.216 INFO [main] org.apache.jasper.servlet.TldScanner.scanJars At least one JAR was scanned for TLDs yet contained no TLDs. Enable debug logging for this logger for a complete list of JARs that were scanned but no TLDs were found in them. Skipping unneeded JARs during scanning can improve startup time and JSP compilation time.
24-Feb-2026 01:00:04.459 INFO [main] org.apache.catalina.startup.HostConfig.deployDirectory Deployment of web application directory [D:\VIT - PROJECT\CompusConnect\apache-tomcat-9.0.96\webapps\CampusConnect] has finished in [2,746] ms
24-Feb-2026 01:00:04.460 INFO [main] org.apache.catalina.startup.HostConfig.deployDirectory Deploying web application directory [D:\VIT - PROJECT\CompusConnect\apache-tomcat-9.0.96\webapps\docs]
24-Feb-2026 01:00:04.554 INFO [main] org.apache.catalina.startup.HostConfig.deployDirectory Deployment of web application directory [D:\VIT - PROJECT\CompusConnect\apache-tomcat-9.0.96\webapps\docs] has finished in [94] ms
24-Feb-2026 01:00:04.555 INFO [main] org.apache.catalina.startup.HostConfig.deployDirectory Deploying web application directory [D:\VIT - PROJECT\CompusConnect\apache-tomcat-9.0.96\webapps\examples]
24-Feb-2026 01:00:05.856 INFO [main] org.apache.catalina.startup.HostConfig.deployDirectory Deployment of web application directory [D:\VIT - PROJECT\CompusConnect\apache-tomcat-9.0.96\webapps\examples] has finished in [1,301] ms
24-Feb-2026 01:00:05.858 INFO [main] org.apache.catalina.startup.HostConfig.deployDirectory Deploying web application directory [D:\VIT - PROJECT\CompusConnect\apache-tomcat-9.0.96\webapps\host-manager]
24-Feb-2026 01:00:06.019 INFO [main] org.apache.catalina.startup.HostConfig.deployDirectory Deployment of web application directory [D:\VIT - PROJECT\CompusConnect\apache-tomcat-9.0.96\webapps\host-manager] has finished in [162] ms
24-Feb-2026 01:00:06.021 INFO [main] org.apache.catalina.startup.HostConfig.deployDirectory Deploying web application directory [D:\VIT - PROJECT\CompusConnect\apache-tomcat-9.0.96\webapps\manager]
24-Feb-2026 01:00:06.157 INFO [main] org.apache.catalina.startup.HostConfig.deployDirectory Deployment of web application directory [D:\VIT - PROJECT\CompusConnect\apache-tomcat-9.0.96\webapps\manager] has finished in [135] ms
24-Feb-2026 01:00:06.158 INFO [main] org.apache.catalina.startup.HostConfig.deployDirectory Deploying web application directory [D:\VIT - PROJECT\CompusConnect\apache-tomcat-9.0.96\webapps\ROOT]
24-Feb-2026 01:00:06.262 INFO [main] org.apache.catalina.startup.HostConfig.deployDirectory Deployment of web application directory [D:\VIT - PROJECT\CompusConnect\apache-tomcat-9.0.96\webapps\ROOT] has finished in [102] ms
24-Feb-2026 01:00:06.282 INFO [main] org.apache.coyote.AbstractProtocol.start Starting ProtocolHandler ["http-nio-8081"]
24-Feb-2026 01:00:06.358 INFO [main] org.apache.catalina.startup.Catalina.start Server startup in [4822] milliseconds
24-Feb-2026 12:12:16.363 INFO [main] org.apache.catalina.startup.VersionLoggerListener.log Server version name:   Apache Tomcat/9.0.96
24-Feb-2026 12:12:16.368 INFO [main] org.apache.catalina.startup.VersionLoggerListener.log Server built:          Oct 3 2024 19:44:30 UTC
24-Feb-2026 12:12:16.370 INFO [main] org.apache.catalina.startup.VersionLoggerListener.log Server version number: 9.0.96.0
24-Feb-2026 12:12:16.371 INFO [main] org.apache.catalina.startup.VersionLoggerListener.log OS Name:               Windows 11
24-Feb-2026 12:12:16.371 INFO [main] org.apache.catalina.startup.VersionLoggerListener.log OS Version:            10.0
24-Feb-2026 12:12:16.372 INFO [main] org.apache.catalina.startup.VersionLoggerListener.log Architecture:          amd64
24-Feb-2026 12:12:16.373 INFO [main] org.apache.catalina.startup.VersionLoggerListener.log Java Home:             C:\Program Files\Java\jdk-25.0.2
24-Feb-2026 12:12:16.373 INFO [main] org.apache.catalina.startup.VersionLoggerListener.log JVM Version:           25.0.2+10-LTS-69
24-Feb-2026 12:12:16.374 INFO [main] org.apache.catalina.startup.VersionLoggerListener.log JVM Vendor:            Oracle Corporation
24-Feb-2026 12:12:16.374 INFO [main] org.apache.catalina.startup.VersionLoggerListener.log CATALINA_BASE:         D:\VIT - PROJECT\CompusConnect\apache-tomcat-9.0.96
24-Feb-2026 12:12:16.375 INFO [main] org.apache.catalina.startup.VersionLoggerListener.log CATALINA_HOME:         D:\VIT - PROJECT\CompusConnect\apache-tomcat-9.0.96
24-Feb-2026 12:12:16.393 INFO [main] org.apache.catalina.startup.VersionLoggerListener.log Command line argument: --add-opens=java.base/java.lang=ALL-UNNAMED
24-Feb-2026 12:12:16.394 INFO [main] org.apache.catalina.startup.VersionLoggerListener.log Command line argument: --add-opens=java.base/java.io=ALL-UNNAMED
24-Feb-2026 12:12:16.395 INFO [main] org.apache.catalina.startup.VersionLoggerListener.log Command line argument: --add-opens=java.base/java.util=ALL-UNNAMED
24-Feb-2026 12:12:16.395 INFO [main] org.apache.catalina.startup.VersionLoggerListener.log Command line argument: --add-opens=java.base/java.util.concurrent=ALL-UNNAMED
24-Feb-2026 12:12:16.396 INFO [main] org.apache.catalina.startup.VersionLoggerListener.log Command line argument: --add-opens=java.rmi/sun.rmi.transport=ALL-UNNAMED
24-Feb-2026 12:12:16.397 INFO [main] org.apache.catalina.startup.VersionLoggerListener.log Command line argument: -Djava.util.logging.config.file=D:\VIT - PROJECT\CompusConnect\apache-tomcat-9.0.96\conf\logging.properties
24-Feb-2026 12:12:16.398 INFO [main] org.apache.catalina.startup.VersionLoggerListener.log Command line argument: -Djava.util.logging.manager=org.apache.juli.ClassLoaderLogManager
24-Feb-2026 12:12:16.399 INFO [main] org.apache.catalina.startup.VersionLoggerListener.log Command line argument: -Djdk.tls.ephemeralDHKeySize=2048
24-Feb-2026 12:12:16.399 INFO [main] org.apache.catalina.startup.VersionLoggerListener.log Command line argument: -Djava.protocol.handler.pkgs=org.apache.catalina.webresources
24-Feb-2026 12:12:16.400 INFO [main] org.apache.catalina.startup.VersionLoggerListener.log Command line argument: -Dignore.endorsed.dirs=
24-Feb-2026 12:12:16.400 INFO [main] org.apache.catalina.startup.VersionLoggerListener.log Command line argument: -Dcatalina.base=D:\VIT - PROJECT\CompusConnect\apache-tomcat-9.0.96
24-Feb-2026 12:12:16.401 INFO [main] org.apache.catalina.startup.VersionLoggerListener.log Command line argument: -Dcatalina.home=D:\VIT - PROJECT\CompusConnect\apache-tomcat-9.0.96
24-Feb-2026 12:12:16.401 INFO [main] org.apache.catalina.startup.VersionLoggerListener.log Command line argument: -Djava.io.tmpdir=D:\VIT - PROJECT\CompusConnect\apache-tomcat-9.0.96\temp
24-Feb-2026 12:12:16.607 INFO [main] org.apache.catalina.core.AprLifecycleListener.lifecycleEvent Loaded Apache Tomcat Native library [1.3.1] using APR version [1.7.4].
24-Feb-2026 12:12:16.608 INFO [main] org.apache.catalina.core.AprLifecycleListener.lifecycleEvent APR capabilities: IPv6 [true], sendfile [true], accept filters [false], random [true], UDS [true].
24-Feb-2026 12:12:16.608 INFO [main] org.apache.catalina.core.AprLifecycleListener.lifecycleEvent APR/OpenSSL configuration: useAprConnector [false], useOpenSSL [true]
24-Feb-2026 12:12:16.658 INFO [main] org.apache.catalina.core.AprLifecycleListener.initializeSSL OpenSSL successfully initialized [OpenSSL 3.0.14 4 Jun 2024]
24-Feb-2026 12:12:17.362 INFO [main] org.apache.coyote.AbstractProtocol.init Initializing ProtocolHandler ["http-nio-8081"]
24-Feb-2026 12:12:17.427 INFO [main] org.apache.catalina.startup.Catalina.load Server initialization in [1504] milliseconds
24-Feb-2026 12:12:17.534 INFO [main] org.apache.catalina.core.StandardService.startInternal Starting service [Catalina]
24-Feb-2026 12:12:17.535 INFO [main] org.apache.catalina.core.StandardEngine.startInternal Starting Servlet engine: [Apache Tomcat/9.0.96]
24-Feb-2026 12:12:17.555 INFO [main] org.apache.catalina.startup.HostConfig.deployDirectory Deploying web application directory [D:\VIT - PROJECT\CompusConnect\apache-tomcat-9.0.96\webapps\CampusConnect]
24-Feb-2026 12:12:19.600 INFO [main] org.apache.jasper.servlet.TldScanner.scanJars At least one JAR was scanned for TLDs yet contained no TLDs. Enable debug logging for this logger for a complete list of JARs that were scanned but no TLDs were found in them. Skipping unneeded JARs during scanning can improve startup time and JSP compilation time.
24-Feb-2026 12:12:19.886 INFO [main] org.apache.catalina.startup.HostConfig.deployDirectory Deployment of web application directory [D:\VIT - PROJECT\CompusConnect\apache-tomcat-9.0.96\webapps\CampusConnect] has finished in [2,328] ms
24-Feb-2026 12:12:19.887 INFO [main] org.apache.catalina.startup.HostConfig.deployDirectory Deploying web application directory [D:\VIT - PROJECT\CompusConnect\apache-tomcat-9.0.96\webapps\docs]
24-Feb-2026 12:12:19.976 INFO [main] org.apache.catalina.startup.HostConfig.deployDirectory Deployment of web application directory [D:\VIT - PROJECT\CompusConnect\apache-tomcat-9.0.96\webapps\docs] has finished in [88] ms
24-Feb-2026 12:12:19.977 INFO [main] org.apache.catalina.startup.HostConfig.deployDirectory Deploying web application directory [D:\VIT - PROJECT\CompusConnect\apache-tomcat-9.0.96\webapps\examples]
24-Feb-2026 12:12:21.754 INFO [main] org.apache.catalina.startup.HostConfig.deployDirectory Deployment of web application directory [D:\VIT - PROJECT\CompusConnect\apache-tomcat-9.0.96\webapps\examples] has finished in [1,777] ms
24-Feb-2026 12:12:21.755 INFO [main] org.apache.catalina.startup.HostConfig.deployDirectory Deploying web application directory [D:\VIT - PROJECT\CompusConnect\apache-tomcat-9.0.96\webapps\host-manager]
24-Feb-2026 12:12:21.839 INFO [main] org.apache.catalina.startup.HostConfig.deployDirectory Deployment of web application directory [D:\VIT - PROJECT\CompusConnect\apache-tomcat-9.0.96\webapps\host-manager] has finished in [84] ms
24-Feb-2026 12:12:21.840 INFO [main] org.apache.catalina.startup.HostConfig.deployDirectory Deploying web application directory [D:\VIT - PROJECT\CompusConnect\apache-tomcat-9.0.96\webapps\manager]
24-Feb-2026 12:12:21.920 INFO [main] org.apache.catalina.startup.HostConfig.deployDirectory Deployment of web application directory [D:\VIT - PROJECT\CompusConnect\apache-tomcat-9.0.96\webapps\manager] has finished in [80] ms
24-Feb-2026 12:12:21.921 INFO [main] org.apache.catalina.startup.HostConfig.deployDirectory Deploying web application directory [D:\VIT - PROJECT\CompusConnect\apache-tomcat-9.0.96\webapps\ROOT]
24-Feb-2026 12:12:21.982 INFO [main] org.apache.catalina.startup.HostConfig.deployDirectory Deployment of web application directory [D:\VIT - PROJECT\CompusConnect\apache-tomcat-9.0.96\webapps\ROOT] has finished in [61] ms
24-Feb-2026 12:12:21.994 INFO [main] org.apache.coyote.AbstractProtocol.start Starting ProtocolHandler ["http-nio-8081"]
24-Feb-2026 12:12:22.058 INFO [main] org.apache.catalina.startup.Catalina.start Server startup in [4626] milliseconds
24-Feb-2026 12:24:43.089 INFO [Catalina-utility-2] org.apache.catalina.startup.HostConfig.reload Reloading context [/CampusConnect]
24-Feb-2026 12:24:43.090 INFO [Catalina-utility-2] org.apache.catalina.core.StandardContext.reload Reloading Context with name [/CampusConnect] has started
24-Feb-2026 12:24:43.750 INFO [Catalina-utility-2] org.apache.jasper.servlet.TldScanner.scanJars At least one JAR was scanned for TLDs yet contained no TLDs. Enable debug logging for this logger for a complete list of JARs that were scanned but no TLDs were found in them. Skipping unneeded JARs during scanning can improve startup time and JSP compilation time.
24-Feb-2026 12:24:43.839 INFO [Catalina-utility-2] org.apache.catalina.core.StandardContext.reload Reloading Context with name [/CampusConnect] is completed
24-Feb-2026 12:27:24.041 INFO [Catalina-utility-2] org.apache.catalina.startup.HostConfig.reload Reloading context [/CampusConnect]
24-Feb-2026 12:27:24.042 INFO [Catalina-utility-2] org.apache.catalina.core.StandardContext.reload Reloading Context with name [/CampusConnect] has started
24-Feb-2026 12:27:24.566 INFO [Catalina-utility-2] org.apache.jasper.servlet.TldScanner.scanJars At least one JAR was scanned for TLDs yet contained no TLDs. Enable debug logging for this logger for a complete list of JARs that were scanned but no TLDs were found in them. Skipping unneeded JARs during scanning can improve startup time and JSP compilation time.
24-Feb-2026 12:27:24.642 INFO [Catalina-utility-2] org.apache.catalina.core.StandardContext.reload Reloading Context with name [/CampusConnect] is completed
24-Feb-2026 21:40:24.224 INFO [main] org.apache.catalina.startup.VersionLoggerListener.log Server version name:   Apache Tomcat/9.0.96
24-Feb-2026 21:40:24.230 INFO [main] org.apache.catalina.startup.VersionLoggerListener.log Server built:          Oct 3 2024 19:44:30 UTC
24-Feb-2026 21:40:24.231 INFO [main] org.apache.catalina.startup.VersionLoggerListener.log Server version number: 9.0.96.0
24-Feb-2026 21:40:24.232 INFO [main] org.apache.catalina.startup.VersionLoggerListener.log OS Name:               Windows 11
24-Feb-2026 21:40:24.232 INFO [main] org.apache.catalina.startup.VersionLoggerListener.log OS Version:            10.0
24-Feb-2026 21:40:24.233 INFO [main] org.apache.catalina.startup.VersionLoggerListener.log Architecture:          amd64
24-Feb-2026 21:40:24.234 INFO [main] org.apache.catalina.startup.VersionLoggerListener.log Java Home:             C:\Program Files\Java\jdk-25.0.2
24-Feb-2026 21:40:24.234 INFO [main] org.apache.catalina.startup.VersionLoggerListener.log JVM Version:           25.0.2+10-LTS-69
24-Feb-2026 21:40:24.234 INFO [main] org.apache.catalina.startup.VersionLoggerListener.log JVM Vendor:            Oracle Corporation
24-Feb-2026 21:40:24.235 INFO [main] org.apache.catalina.startup.VersionLoggerListener.log CATALINA_BASE:         D:\VIT - PROJECT\CompusConnect\apache-tomcat-9.0.96
24-Feb-2026 21:40:24.235 INFO [main] org.apache.catalina.startup.VersionLoggerListener.log CATALINA_HOME:         D:\VIT - PROJECT\CompusConnect\apache-tomcat-9.0.96
24-Feb-2026 21:40:24.252 INFO [main] org.apache.catalina.startup.VersionLoggerListener.log Command line argument: --add-opens=java.base/java.lang=ALL-UNNAMED
24-Feb-2026 21:40:24.253 INFO [main] org.apache.catalina.startup.VersionLoggerListener.log Command line argument: --add-opens=java.base/java.io=ALL-UNNAMED
24-Feb-2026 21:40:24.254 INFO [main] org.apache.catalina.startup.VersionLoggerListener.log Command line argument: --add-opens=java.base/java.util=ALL-UNNAMED
24-Feb-2026 21:40:24.255 INFO [main] org.apache.catalina.startup.VersionLoggerListener.log Command line argument: --add-opens=java.base/java.util.concurrent=ALL-UNNAMED
24-Feb-2026 21:40:24.255 INFO [main] org.apache.catalina.startup.VersionLoggerListener.log Command line argument: --add-opens=java.rmi/sun.rmi.transport=ALL-UNNAMED
24-Feb-2026 21:40:24.255 INFO [main] org.apache.catalina.startup.VersionLoggerListener.log Command line argument: -Djava.util.logging.config.file=D:\VIT - PROJECT\CompusConnect\apache-tomcat-9.0.96\conf\logging.properties
24-Feb-2026 21:40:24.256 INFO [main] org.apache.catalina.startup.VersionLoggerListener.log Command line argument: -Djava.util.logging.manager=org.apache.juli.ClassLoaderLogManager
24-Feb-2026 21:40:24.256 INFO [main] org.apache.catalina.startup.VersionLoggerListener.log Command line argument: -Djdk.tls.ephemeralDHKeySize=2048
24-Feb-2026 21:40:24.257 INFO [main] org.apache.catalina.startup.VersionLoggerListener.log Command line argument: -Djava.protocol.handler.pkgs=org.apache.catalina.webresources
24-Feb-2026 21:40:24.257 INFO [main] org.apache.catalina.startup.VersionLoggerListener.log Command line argument: -Dignore.endorsed.dirs=
24-Feb-2026 21:40:24.258 INFO [main] org.apache.catalina.startup.VersionLoggerListener.log Command line argument: -Dcatalina.base=D:\VIT - PROJECT\CompusConnect\apache-tomcat-9.0.96
24-Feb-2026 21:40:24.258 INFO [main] org.apache.catalina.startup.VersionLoggerListener.log Command line argument: -Dcatalina.home=D:\VIT - PROJECT\CompusConnect\apache-tomcat-9.0.96
24-Feb-2026 21:40:24.259 INFO [main] org.apache.catalina.startup.VersionLoggerListener.log Command line argument: -Djava.io.tmpdir=D:\VIT - PROJECT\CompusConnect\apache-tomcat-9.0.96\temp
24-Feb-2026 21:40:24.270 INFO [main] org.apache.catalina.core.AprLifecycleListener.lifecycleEvent Loaded Apache Tomcat Native library [1.3.1] using APR version [1.7.4].
24-Feb-2026 21:40:24.271 INFO [main] org.apache.catalina.core.AprLifecycleListener.lifecycleEvent APR capabilities: IPv6 [true], sendfile [true], accept filters [false], random [true], UDS [true].
24-Feb-2026 21:40:24.271 INFO [main] org.apache.catalina.core.AprLifecycleListener.lifecycleEvent APR/OpenSSL configuration: useAprConnector [false], useOpenSSL [true]
24-Feb-2026 21:40:24.292 INFO [main] org.apache.catalina.core.AprLifecycleListener.initializeSSL OpenSSL successfully initialized [OpenSSL 3.0.14 4 Jun 2024]
24-Feb-2026 21:40:24.991 INFO [main] org.apache.coyote.AbstractProtocol.init Initializing ProtocolHandler ["http-nio-8081"]
24-Feb-2026 21:40:25.034 SEVERE [main] org.apache.catalina.util.LifecycleBase.handleSubClassException Failed to initialize component [Connector["http-nio-8081"]]
	org.apache.catalina.LifecycleException: Protocol handler initialization failed
		at org.apache.catalina.connector.Connector.initInternal(Connector.java:1027)
		at org.apache.catalina.util.LifecycleBase.init(LifecycleBase.java:122)
		at org.apache.catalina.core.StandardService.initInternal(StandardService.java:525)
		at org.apache.catalina.util.LifecycleBase.init(LifecycleBase.java:122)
		at org.apache.catalina.core.StandardServer.initInternal(StandardServer.java:986)
		at org.apache.catalina.util.LifecycleBase.init(LifecycleBase.java:122)
		at org.apache.catalina.startup.Catalina.load(Catalina.java:686)
		at org.apache.catalina.startup.Catalina.load(Catalina.java:709)
		at java.base/jdk.internal.reflect.DirectMethodHandleAccessor.invoke(DirectMethodHandleAccessor.java:104)
		at java.base/java.lang.reflect.Method.invoke(Method.java:565)
		at org.apache.catalina.startup.Bootstrap.load(Bootstrap.java:302)
		at org.apache.catalina.startup.Bootstrap.main(Bootstrap.java:472)
	Caused by: java.net.BindException: Address already in use: bind
		at java.base/sun.nio.ch.Net.bind0(Native Method)
		at java.base/sun.nio.ch.Net.bind(Net.java:522)
		at java.base/sun.nio.ch.ServerSocketChannelImpl.netBind(ServerSocketChannelImpl.java:335)
		at java.base/sun.nio.ch.ServerSocketChannelImpl.bind(ServerSocketChannelImpl.java:297)
		at org.apache.tomcat.util.net.NioEndpoint.initServerSocket(NioEndpoint.java:268)
		at org.apache.tomcat.util.net.NioEndpoint.bind(NioEndpoint.java:223)
		at org.apache.tomcat.util.net.AbstractEndpoint.bindWithCleanup(AbstractEndpoint.java:1373)
		at org.apache.tomcat.util.net.AbstractEndpoint.init(AbstractEndpoint.java:1386)
		at org.apache.coyote.AbstractProtocol.init(AbstractProtocol.java:663)
		at org.apache.coyote.http11.AbstractHttp11Protocol.init(AbstractHttp11Protocol.java:77)
		at org.apache.catalina.connector.Connector.initInternal(Connector.java:1025)
		... 11 more
24-Feb-2026 21:40:25.039 INFO [main] org.apache.catalina.startup.Catalina.load Server initialization in [1210] milliseconds
24-Feb-2026 21:40:25.145 INFO [main] org.apache.catalina.core.StandardService.startInternal Starting service [Catalina]
24-Feb-2026 21:40:25.146 INFO [main] org.apache.catalina.core.StandardEngine.startInternal Starting Servlet engine: [Apache Tomcat/9.0.96]
24-Feb-2026 21:40:25.165 INFO [main] org.apache.catalina.startup.HostConfig.deployDirectory Deploying web application directory [D:\VIT - PROJECT\CompusConnect\apache-tomcat-9.0.96\webapps\CampusConnect]
24-Feb-2026 21:40:26.599 INFO [main] org.apache.jasper.servlet.TldScanner.scanJars At least one JAR was scanned for TLDs yet contained no TLDs. Enable debug logging for this logger for a complete list of JARs that were scanned but no TLDs were found in them. Skipping unneeded JARs during scanning can improve startup time and JSP compilation time.
24-Feb-2026 21:40:26.775 INFO [main] org.apache.catalina.startup.HostConfig.deployDirectory Deployment of web application directory [D:\VIT - PROJECT\CompusConnect\apache-tomcat-9.0.96\webapps\CampusConnect] has finished in [1,607] ms
24-Feb-2026 21:40:26.776 INFO [main] org.apache.catalina.startup.HostConfig.deployDirectory Deploying web application directory [D:\VIT - PROJECT\CompusConnect\apache-tomcat-9.0.96\webapps\docs]
24-Feb-2026 21:40:26.857 INFO [main] org.apache.catalina.startup.HostConfig.deployDirectory Deployment of web application directory [D:\VIT - PROJECT\CompusConnect\apache-tomcat-9.0.96\webapps\docs] has finished in [80] ms
24-Feb-2026 21:40:26.857 INFO [main] org.apache.catalina.startup.HostConfig.deployDirectory Deploying web application directory [D:\VIT - PROJECT\CompusConnect\apache-tomcat-9.0.96\webapps\examples]
24-Feb-2026 21:40:27.654 INFO [main] org.apache.catalina.startup.HostConfig.deployDirectory Deployment of web application directory [D:\VIT - PROJECT\CompusConnect\apache-tomcat-9.0.96\webapps\examples] has finished in [797] ms
24-Feb-2026 21:40:27.655 INFO [main] org.apache.catalina.startup.HostConfig.deployDirectory Deploying web application directory [D:\VIT - PROJECT\CompusConnect\apache-tomcat-9.0.96\webapps\host-manager]
24-Feb-2026 21:40:27.754 INFO [main] org.apache.catalina.startup.HostConfig.deployDirectory Deployment of web application directory [D:\VIT - PROJECT\CompusConnect\apache-tomcat-9.0.96\webapps\host-manager] has finished in [99] ms
24-Feb-2026 21:40:27.756 INFO [main] org.apache.catalina.startup.HostConfig.deployDirectory Deploying web application directory [D:\VIT - PROJECT\CompusConnect\apache-tomcat-9.0.96\webapps\manager]
24-Feb-2026 21:40:27.850 INFO [main] org.apache.catalina.startup.HostConfig.deployDirectory Deployment of web application directory [D:\VIT - PROJECT\CompusConnect\apache-tomcat-9.0.96\webapps\manager] has finished in [94] ms
24-Feb-2026 21:40:27.852 INFO [main] org.apache.catalina.startup.HostConfig.deployDirectory Deploying web application directory [D:\VIT - PROJECT\CompusConnect\apache-tomcat-9.0.96\webapps\ROOT]
24-Feb-2026 21:40:27.918 INFO [main] org.apache.catalina.startup.HostConfig.deployDirectory Deployment of web application directory [D:\VIT - PROJECT\CompusConnect\apache-tomcat-9.0.96\webapps\ROOT] has finished in [67] ms
24-Feb-2026 21:40:27.931 INFO [main] org.apache.catalina.startup.Catalina.start Server startup in [2885] milliseconds
24-Feb-2026 21:40:27.955 SEVERE [main] org.apache.catalina.core.StandardServer.await Failed to create server shutdown socket on address [localhost] and port [8005] (base port [8005] and offset [0])
	java.net.BindException: Address already in use: bind
		at java.base/sun.nio.ch.Net.bind0(Native Method)
		at java.base/sun.nio.ch.Net.bind(Net.java:522)
		at java.base/sun.nio.ch.Net.bind(Net.java:511)
		at java.base/sun.nio.ch.NioSocketImpl.bind(NioSocketImpl.java:641)
		at java.base/java.net.ServerSocket.bind(ServerSocket.java:326)
		at java.base/java.net.ServerSocket.<init>(ServerSocket.java:222)
		at org.apache.catalina.core.StandardServer.await(StandardServer.java:537)
		at org.apache.catalina.startup.Catalina.await(Catalina.java:825)
		at org.apache.catalina.startup.Catalina.start(Catalina.java:773)
		at java.base/jdk.internal.reflect.DirectMethodHandleAccessor.invoke(DirectMethodHandleAccessor.java:104)
		at java.base/java.lang.reflect.Method.invoke(Method.java:565)
		at org.apache.catalina.startup.Bootstrap.start(Bootstrap.java:345)
		at org.apache.catalina.startup.Bootstrap.main(Bootstrap.java:473)
24-Feb-2026 21:40:27.957 INFO [main] org.apache.coyote.AbstractProtocol.pause Pausing ProtocolHandler ["http-nio-8081"]
24-Feb-2026 21:40:27.957 INFO [main] org.apache.catalina.core.StandardService.stopInternal Stopping service [Catalina]
24-Feb-2026 21:40:28.009 INFO [main] org.apache.coyote.AbstractProtocol.stop Stopping ProtocolHandler ["http-nio-8081"]
24-Feb-2026 21:40:28.014 INFO [main] org.apache.coyote.AbstractProtocol.destroy Destroying ProtocolHandler ["http-nio-8081"]
